 enable_debug_mode 
-------------------
                 0
(1 row)

Timing is on.
 l_orderkey |    revenue    |     o_orderdate     | o_shippriority 
------------+---------------+---------------------+----------------
     497637 | 290936.000000 | 1995-03-08 00:00:00 | 0
     593062 | 251049.000000 | 1995-03-08 00:00:00 | 0
     478724 | 234913.000000 | 1995-02-22 00:00:00 | 0
     406368 | 233069.000000 | 1995-02-12 00:00:00 | 0
     577476 | 222870.000000 | 1995-01-21 00:00:00 | 0
     399138 | 222870.000000 | 1995-01-22 00:00:00 | 0
     310305 | 215579.000000 | 1995-03-09 00:00:00 | 0
     358567 | 215579.000000 | 1995-03-13 00:00:00 | 0
     452231 | 211487.000000 | 1995-02-12 00:00:00 | 0
     355779 | 208733.000000 | 1995-02-15 00:00:00 | 0
     400263 | 181473.000000 | 1995-03-03 00:00:00 | 0
     171008 | 160556.000000 | 1995-01-08 00:00:00 | 0
     215207 | 160555.000000 | 1995-02-27 00:00:00 | 0
     454819 | 159089.000000 | 1995-01-25 00:00:00 | 0
     304484 | 159088.000000 | 1995-02-03 00:00:00 | 0
     165286 | 159088.000000 | 1995-03-08 00:00:00 | 0
     254726 | 159088.000000 | 1995-03-10 00:00:00 | 0
     303108 | 147706.000000 | 1995-01-26 00:00:00 | 0
     208513 | 147706.000000 | 1995-02-16 00:00:00 | 0
     341286 | 147706.000000 | 1995-03-02 00:00:00 | 0
     267589 | 147706.000000 | 1995-03-03 00:00:00 | 0
     399078 | 147706.000000 | 1995-03-12 00:00:00 | 0
     457859 | 145788.000000 | 1995-02-17 00:00:00 | 0
     526694 | 134576.000000 | 1995-01-01 00:00:00 | 0
     318789 | 134426.000000 | 1995-02-16 00:00:00 | 0
     274209 | 134424.000000 | 1994-12-14 00:00:00 | 0
     186215 | 134424.000000 | 1995-03-13 00:00:00 | 0
     263200 | 133573.000000 | 1995-02-01 00:00:00 | 0
     398784 | 133573.000000 | 1995-03-12 00:00:00 | 0
     546981 | 126906.000000 | 1995-01-13 00:00:00 | 0
     435586 | 126906.000000 | 1995-02-03 00:00:00 | 0
     517253 | 126906.000000 | 1995-02-22 00:00:00 | 0
     203522 | 121922.000000 | 1995-02-02 00:00:00 | 0
     394820 | 121765.000000 | 1995-03-03 00:00:00 | 0
     495170 | 121765.000000 | 1995-03-03 00:00:00 | 0
     257600 | 121764.000000 | 1995-03-06 00:00:00 | 0
     356292 | 121457.000000 | 1995-02-01 00:00:00 | 0
     135046 | 120486.000000 | 1995-03-09 00:00:00 | 0
     121154 | 120199.000000 | 1995-03-08 00:00:00 | 0
     171943 | 107176.000000 | 1995-01-31 00:00:00 | 0
     172388 | 103878.000000 | 1995-02-26 00:00:00 | 0
     229472 | 103878.000000 | 1995-03-05 00:00:00 | 0
     427456 | 101391.000000 | 1995-03-06 00:00:00 | 0
     320358 | 98643.000000  | 1995-02-08 00:00:00 | 0
     460256 | 93648.000000  | 1994-12-23 00:00:00 | 0
     374720 | 93648.000000  | 1994-12-29 00:00:00 | 0
     545252 | 93648.000000  | 1995-01-12 00:00:00 | 0
     526114 | 93648.000000  | 1995-01-27 00:00:00 | 0
     291332 | 93648.000000  | 1995-02-09 00:00:00 | 0
     425600 | 93648.000000  | 1995-02-12 00:00:00 | 0
     372422 | 93648.000000  | 1995-02-13 00:00:00 | 0
     339620 | 87636.000000  | 1995-01-24 00:00:00 | 0
     574021 | 86968.000000  | 1995-01-02 00:00:00 | 0
     394757 | 86968.000000  | 1995-01-24 00:00:00 | 0
     102240 | 86640.000000  | 1995-01-17 00:00:00 | 0
      81569 | 86442.000000  | 1995-03-11 00:00:00 | 0
     568067 | 85858.000000  | 1994-12-24 00:00:00 | 0
     457543 | 85858.000000  | 1995-03-04 00:00:00 | 0
     496578 | 82007.000000  | 1995-03-08 00:00:00 | 0
     574144 | 82006.000000  | 1995-01-04 00:00:00 | 0
     172288 | 82006.000000  | 1995-01-10 00:00:00 | 0
     263141 | 82006.000000  | 1995-02-26 00:00:00 | 0
     261094 | 82006.000000  | 1995-03-02 00:00:00 | 0
     397830 | 82006.000000  | 1995-03-02 00:00:00 | 0
     307751 | 82006.000000  | 1995-03-11 00:00:00 | 0
     500263 | 80792.000000  | 1995-02-22 00:00:00 | 0
     161765 | 76517.000000  | 1994-12-08 00:00:00 | 0
     101668 | 76517.000000  | 1995-01-27 00:00:00 | 0
     197510 | 76517.000000  | 1995-03-11 00:00:00 | 0
     136771 | 74574.000000  | 1995-01-18 00:00:00 | 0
     172837 | 74574.000000  | 1995-02-23 00:00:00 | 0
     146469 | 73915.000000  | 1994-12-27 00:00:00 | 0
      32901 | 73915.000000  | 1995-02-11 00:00:00 | 0
     101956 | 73915.000000  | 1995-02-17 00:00:00 | 0
      63717 | 73915.000000  | 1995-03-09 00:00:00 | 0
     366404 | 73477.000000  | 1994-11-26 00:00:00 | 0
     138307 | 73477.000000  | 1995-01-18 00:00:00 | 0
     270914 | 73477.000000  | 1995-01-22 00:00:00 | 0
     316481 | 73477.000000  | 1995-02-15 00:00:00 | 0
      84512 | 73477.000000  | 1995-02-16 00:00:00 | 0
     409315 | 73477.000000  | 1995-02-19 00:00:00 | 0
     177286 | 73477.000000  | 1995-02-20 00:00:00 | 0
      82534 | 73132.000000  | 1994-12-08 00:00:00 | 0
     135201 | 73132.000000  | 1995-01-10 00:00:00 | 0
     488164 | 72694.000000  | 1994-12-28 00:00:00 | 0
     569127 | 72694.000000  | 1995-02-15 00:00:00 | 0
     393634 | 72694.000000  | 1995-02-26 00:00:00 | 0
     241414 | 72646.000000  | 1995-01-20 00:00:00 | 0
     127717 | 72646.000000  | 1995-02-05 00:00:00 | 0
     125088 | 72646.000000  | 1995-02-16 00:00:00 | 0
      80549 | 72646.000000  | 1995-02-23 00:00:00 | 0
     164167 | 72646.000000  | 1995-03-10 00:00:00 | 0
      58592 | 65618.000000  | 1995-03-05 00:00:00 | 0
     162880 | 65308.000000  | 1995-02-10 00:00:00 | 0
      71297 | 65308.000000  | 1995-03-08 00:00:00 | 0
     333988 | 65120.000000  | 1995-01-18 00:00:00 | 0
     298374 | 65120.000000  | 1995-02-11 00:00:00 | 0
     204423 | 65120.000000  | 1995-03-04 00:00:00 | 0
     515782 | 65003.000000  | 1995-02-05 00:00:00 | 0
     374690 | 64687.000000  | 1995-01-27 00:00:00 | 0
     306310 | 63781.000000  | 1995-03-01 00:00:00 | 0
     499456 | 62661.000000  | 1995-01-28 00:00:00 | 0
     143490 | 62643.000000  | 1995-02-06 00:00:00 | 0
     320448 | 62458.000000  | 1995-01-01 00:00:00 | 0
     230822 | 62458.000000  | 1995-01-22 00:00:00 | 0
     479936 | 61763.000000  | 1995-01-19 00:00:00 | 0
     564290 | 61300.000000  | 1995-01-06 00:00:00 | 0
     526113 | 60451.000000  | 1995-02-08 00:00:00 | 0
      18370 | 59850.000000  | 1995-02-14 00:00:00 | 0
     109316 | 59319.000000  | 1995-01-16 00:00:00 | 0
      36033 | 59318.000000  | 1995-01-20 00:00:00 | 0
      65413 | 59318.000000  | 1995-03-12 00:00:00 | 0
     579425 | 59222.000000  | 1994-11-27 00:00:00 | 0
     502053 | 59222.000000  | 1994-12-14 00:00:00 | 0
     586786 | 59222.000000  | 1995-01-13 00:00:00 | 0
     402497 | 59222.000000  | 1995-03-12 00:00:00 | 0
     424994 | 59081.000000  | 1995-03-01 00:00:00 | 0
     304998 | 59080.000000  | 1994-12-27 00:00:00 | 0
     346439 | 59080.000000  | 1995-01-05 00:00:00 | 0
     212803 | 59080.000000  | 1995-01-27 00:00:00 | 0
     503781 | 59080.000000  | 1995-02-03 00:00:00 | 0
     302914 | 59080.000000  | 1995-02-09 00:00:00 | 0
     341154 | 59080.000000  | 1995-02-15 00:00:00 | 0
     175140 | 58999.000000  | 1995-02-09 00:00:00 | 0
     318692 | 58999.000000  | 1995-03-01 00:00:00 | 0
     229542 | 58999.000000  | 1995-03-05 00:00:00 | 0
     108932 | 58999.000000  | 1995-03-10 00:00:00 | 0
     108545 | 58474.000000  | 1995-03-01 00:00:00 | 0
     429222 | 58297.000000  | 1994-11-26 00:00:00 | 0
     529574 | 56565.000000  | 1995-01-26 00:00:00 | 0
     239014 | 55336.000000  | 1995-02-25 00:00:00 | 0
     397249 | 54891.000000  | 1994-11-28 00:00:00 | 0
     442437 | 54891.000000  | 1995-01-01 00:00:00 | 0
      74241 | 54891.000000  | 1995-01-10 00:00:00 | 0
     162979 | 54891.000000  | 1995-01-11 00:00:00 | 0
      49987 | 54891.000000  | 1995-02-20 00:00:00 | 0
      74531 | 54891.000000  | 1995-02-26 00:00:00 | 0
     552129 | 54891.000000  | 1995-03-01 00:00:00 | 0
     299491 | 54891.000000  | 1995-03-02 00:00:00 | 0
     130787 | 54891.000000  | 1995-03-03 00:00:00 | 0
     252903 | 54891.000000  | 1995-03-10 00:00:00 | 0
      22756 | 54890.000000  | 1995-01-25 00:00:00 | 0
     388992 | 54549.000000  | 1995-01-07 00:00:00 | 0
     480615 | 54549.000000  | 1995-01-24 00:00:00 | 0
     556611 | 54549.000000  | 1995-03-02 00:00:00 | 0
     390823 | 54392.000000  | 1994-12-04 00:00:00 | 0
     551330 | 54392.000000  | 1994-12-27 00:00:00 | 0
     297091 | 54392.000000  | 1995-02-22 00:00:00 | 0
     439396 | 54392.000000  | 1995-02-25 00:00:00 | 0
     160068 | 54392.000000  | 1995-03-05 00:00:00 | 0
     113220 | 54390.000000  | 1995-01-19 00:00:00 | 0
     294050 | 54389.000000  | 1994-12-27 00:00:00 | 0
      68384 | 54389.000000  | 1995-01-08 00:00:00 | 0
     153988 | 54389.000000  | 1995-01-16 00:00:00 | 0
     114213 | 53863.000000  | 1995-01-16 00:00:00 | 0
      70497 | 53861.000000  | 1995-02-04 00:00:00 | 0
     161127 | 53861.000000  | 1995-02-20 00:00:00 | 0
     118401 | 53861.000000  | 1995-02-20 00:00:00 | 0
      37927 | 53860.000000  | 1995-02-26 00:00:00 | 0
      27910 | 52457.000000  | 1994-12-09 00:00:00 | 0
     372706 | 51813.000000  | 1995-01-02 00:00:00 | 0
     102147 | 49918.000000  | 1994-12-13 00:00:00 | 0
      59652 | 49918.000000  | 1995-02-28 00:00:00 | 0
     592741 | 49794.000000  | 1995-03-08 00:00:00 | 0
     280068 | 49322.000000  | 1994-11-30 00:00:00 | 0
     412835 | 49322.000000  | 1995-02-13 00:00:00 | 0
     369699 | 49322.000000  | 1995-03-10 00:00:00 | 0
     513380 | 49322.000000  | 1995-03-14 00:00:00 | 0
     196069 | 49321.000000  | 1995-02-08 00:00:00 | 0
     277028 | 49321.000000  | 1995-03-04 00:00:00 | 0
     492965 | 48528.000000  | 1995-02-27 00:00:00 | 0
       6560 | 46576.000000  | 1995-02-05 00:00:00 | 0
     484646 | 46554.000000  | 1995-02-13 00:00:00 | 0
     563174 | 46554.000000  | 1995-03-09 00:00:00 | 0
      76869 | 46535.000000  | 1995-03-01 00:00:00 | 0
     504005 | 45969.000000  | 1995-01-15 00:00:00 | 0
     406406 | 45969.000000  | 1995-02-13 00:00:00 | 0
     592869 | 45969.000000  | 1995-02-18 00:00:00 | 0
     533285 | 45649.000000  | 1995-01-23 00:00:00 | 0
     374305 | 45617.000000  | 1995-02-25 00:00:00 | 0
     327617 | 45616.000000  | 1994-12-24 00:00:00 | 0
     240740 | 45616.000000  | 1995-01-07 00:00:00 | 0
     489703 | 45616.000000  | 1995-02-08 00:00:00 | 0
     416609 | 45616.000000  | 1995-03-04 00:00:00 | 0
     519364 | 45616.000000  | 1995-03-05 00:00:00 | 0
     108038 | 45404.000000  | 1995-01-08 00:00:00 | 0
     259073 | 45404.000000  | 1995-01-16 00:00:00 | 0
     167175 | 45404.000000  | 1995-01-24 00:00:00 | 0
     307685 | 45404.000000  | 1995-02-25 00:00:00 | 0
     159810 | 45165.000000  | 1995-02-09 00:00:00 | 0
     268102 | 44416.000000  | 1994-12-11 00:00:00 | 0
     405926 | 44416.000000  | 1995-02-14 00:00:00 | 0
     364389 | 44416.000000  | 1995-02-15 00:00:00 | 0
     347429 | 43729.000000  | 1995-01-04 00:00:00 | 0
      38852 | 42476.000000  | 1994-12-02 00:00:00 | 0
     533570 | 40399.000000  | 1995-03-05 00:00:00 | 0
     507520 | 39854.000000  | 1995-02-22 00:00:00 | 0
      83396 | 37287.000000  | 1995-03-13 00:00:00 | 0
     243204 | 36327.000000  | 1994-12-12 00:00:00 | 0
     126727 | 36327.000000  | 1994-12-25 00:00:00 | 0
     308355 | 35686.000000  | 1995-01-11 00:00:00 | 0
     458662 | 35686.000000  | 1995-02-20 00:00:00 | 0
     329636 | 35633.000000  | 1994-12-25 00:00:00 | 0
      34881 | 35606.000000  | 1995-03-08 00:00:00 | 0
     570437 | 34797.000000  | 1995-03-08 00:00:00 | 0
     393285 | 34796.000000  | 1995-03-08 00:00:00 | 0
     484422 | 34555.000000  | 1995-03-09 00:00:00 | 0
     410145 | 34045.000000  | 1995-02-09 00:00:00 | 0
     511333 | 34045.000000  | 1995-03-12 00:00:00 | 0
      90148 | 34044.000000  | 1994-12-23 00:00:00 | 0
     141157 | 34044.000000  | 1994-12-26 00:00:00 | 0
     185186 | 34044.000000  | 1995-01-21 00:00:00 | 0
      82144 | 34044.000000  | 1995-01-28 00:00:00 | 0
     536576 | 34044.000000  | 1995-02-02 00:00:00 | 0
      52486 | 34044.000000  | 1995-02-05 00:00:00 | 0
     273478 | 34044.000000  | 1995-02-09 00:00:00 | 0
     472615 | 34044.000000  | 1995-02-16 00:00:00 | 0
     367458 | 34044.000000  | 1995-02-22 00:00:00 | 0
     403526 | 34044.000000  | 1995-02-22 00:00:00 | 0
     317537 | 34044.000000  | 1995-03-03 00:00:00 | 0
     286467 | 34044.000000  | 1995-03-03 00:00:00 | 0
     135874 | 34044.000000  | 1995-03-10 00:00:00 | 0
     220672 | 34044.000000  | 1995-03-12 00:00:00 | 0
      27719 | 34043.000000  | 1995-03-14 00:00:00 | 0
     549380 | 33726.000000  | 1994-12-20 00:00:00 | 0
     464865 | 33726.000000  | 1994-12-29 00:00:00 | 0
     380165 | 33726.000000  | 1995-02-20 00:00:00 | 0
     575589 | 33726.000000  | 1995-03-04 00:00:00 | 0
     354438 | 33311.000000  | 1995-01-13 00:00:00 | 0
     532934 | 33300.000000  | 1995-01-16 00:00:00 | 0
     141606 | 32441.000000  | 1995-01-17 00:00:00 | 0
     574629 | 31530.000000  | 1995-02-21 00:00:00 | 0
      59365 | 31487.000000  | 1995-01-08 00:00:00 | 0
     160582 | 31352.000000  | 1995-02-14 00:00:00 | 0
     376131 | 31118.000000  | 1995-01-27 00:00:00 | 0
     333731 | 31116.000000  | 1995-02-09 00:00:00 | 0
     242692 | 31116.000000  | 1995-02-10 00:00:00 | 0
     375622 | 30475.000000  | 1995-01-15 00:00:00 | 0
     553540 | 29717.000000  | 1995-02-28 00:00:00 | 0
     509889 | 28216.000000  | 1995-03-03 00:00:00 | 0
     428965 | 28214.000000  | 1994-12-17 00:00:00 | 0
     344774 | 28214.000000  | 1994-12-23 00:00:00 | 0
      11111 | 26303.000000  | 1995-02-18 00:00:00 | 0
     392260 | 25898.000000  | 1995-01-12 00:00:00 | 0
     463493 | 25678.000000  | 1995-02-09 00:00:00 | 0
     378273 | 25451.000000  | 1995-01-20 00:00:00 | 0
     250211 | 25451.000000  | 1995-02-12 00:00:00 | 0
     126370 | 25451.000000  | 1995-03-09 00:00:00 | 0
     466087 | 23785.000000  | 1995-02-15 00:00:00 | 0
      96931 | 22982.000000  | 1994-12-01 00:00:00 | 0
     430983 | 22313.000000  | 1995-03-12 00:00:00 | 0
     510565 | 22311.000000  | 1994-12-01 00:00:00 | 0
     317252 | 22311.000000  | 1995-02-03 00:00:00 | 0
     350566 | 22311.000000  | 1995-02-24 00:00:00 | 0
     226919 | 22311.000000  | 1995-03-13 00:00:00 | 0
     558691 | 22242.000000  | 1994-12-17 00:00:00 | 0
     388353 | 22242.000000  | 1995-01-13 00:00:00 | 0
     481633 | 22242.000000  | 1995-03-14 00:00:00 | 0
     554817 | 22010.000000  | 1995-01-22 00:00:00 | 0
     197958 | 21965.000000  | 1995-02-24 00:00:00 | 0
     391168 | 20656.000000  | 1995-02-19 00:00:00 | 0
     476736 | 18730.000000  | 1994-12-20 00:00:00 | 0
     380515 | 18730.000000  | 1995-01-23 00:00:00 | 0
     251556 | 18278.000000  | 1995-02-10 00:00:00 | 0
     195366 | 18103.000000  | 1994-12-18 00:00:00 | 0
     399618 | 16907.000000  | 1995-01-30 00:00:00 | 0
     253827 | 16692.000000  | 1994-12-29 00:00:00 | 0
     304353 | 16692.000000  | 1995-01-15 00:00:00 | 0
     165827 | 16692.000000  | 1995-02-02 00:00:00 | 0
     354241 | 16692.000000  | 1995-02-04 00:00:00 | 0
     596006 | 16137.000000  | 1995-01-12 00:00:00 | 0
     479173 | 16136.000000  | 1995-02-23 00:00:00 | 0
     474273 | 15532.000000  | 1994-12-27 00:00:00 | 0
     434117 | 15025.000000  | 1995-02-18 00:00:00 | 0
     163232 | 14607.000000  | 1995-01-31 00:00:00 | 0
      71620 | 12726.000000  | 1995-01-20 00:00:00 | 0
      46147 | 12726.000000  | 1995-02-16 00:00:00 | 0
      71491 | 12725.000000  | 1995-01-27 00:00:00 | 0
      44198 | 12725.000000  | 1995-02-05 00:00:00 | 0
      59874 | 12725.000000  | 1995-02-06 00:00:00 | 0
      18244 | 12725.000000  | 1995-03-12 00:00:00 | 0
      67012 | 12725.000000  | 1995-03-13 00:00:00 | 0
     534532 | 11414.000000  | 1994-12-09 00:00:00 | 0
     538947 | 11280.000000  | 1994-12-14 00:00:00 | 0
     476772 | 10987.000000  | 1994-12-14 00:00:00 | 0
     382852 | 10987.000000  | 1995-01-16 00:00:00 | 0
     431746 | 10987.000000  | 1995-03-01 00:00:00 | 0
     295591 | 10987.000000  | 1995-03-02 00:00:00 | 0
     431943 | 10987.000000  | 1995-03-06 00:00:00 | 0
     524129 | 9604.000000   | 1995-01-09 00:00:00 | 0
     420516 | 9604.000000   | 1995-03-06 00:00:00 | 0
     576420 | 8845.000000   | 1995-02-16 00:00:00 | 0
     398560 | 8844.000000   | 1995-01-02 00:00:00 | 0
      99777 | 8505.000000   | 1995-01-25 00:00:00 | 0
     294020 | 8069.000000   | 1994-12-22 00:00:00 | 0
     149056 | 8069.000000   | 1995-01-22 00:00:00 | 0
     191588 | 8068.000000   | 1995-01-07 00:00:00 | 0
      96514 | 8068.000000   | 1995-02-20 00:00:00 | 0
     155585 | 8068.000000   | 1995-03-08 00:00:00 | 0
     193410 | 8068.000000   | 1995-03-09 00:00:00 | 0
     430465 | 7743.000000   | 1994-11-29 00:00:00 | 0
     375844 | 7743.000000   | 1994-12-15 00:00:00 | 0
     548037 | 7743.000000   | 1995-01-17 00:00:00 | 0
     294501 | 7743.000000   | 1995-02-07 00:00:00 | 0
     461537 | 7743.000000   | 1995-03-07 00:00:00 | 0
     354439 | 5449.000000   | 1995-01-31 00:00:00 | 0
     260485 | 5220.000000   | 1995-01-02 00:00:00 | 0
     101703 | 4960.000000   | 1995-02-01 00:00:00 | 0
     153858 | 4084.000000   | 1995-02-16 00:00:00 | 0
      66467 | 4084.000000   | 1995-02-17 00:00:00 | 0
     348551 | 3964.000000   | 1995-01-29 00:00:00 | 0
     255237 | 3964.000000   | 1995-02-23 00:00:00 | 0
     512263 | 3505.000000   | 1995-02-17 00:00:00 | 0
     583424 | 3285.000000   | 1995-01-14 00:00:00 | 0
     471365 | 3285.000000   | 1995-02-25 00:00:00 | 0
     592260 | 3285.000000   | 1995-02-27 00:00:00 | 0
     524224 | 2155.000000   | 1995-02-27 00:00:00 | 0
     424705 | 2154.000000   | 1995-03-03 00:00:00 | 0
     326784 | 1845.000000   | 1995-02-24 00:00:00 | 0
     412772 | 1844.000000   | 1995-01-01 00:00:00 | 0
     360135 | 1844.000000   | 1995-01-13 00:00:00 | 0
     238530 | 1844.000000   | 1995-01-21 00:00:00 | 0
     321511 | 1844.000000   | 1995-02-04 00:00:00 | 0
     367716 | 1844.000000   | 1995-02-20 00:00:00 | 0
      57061 | 953.000000    | 1995-01-01 00:00:00 | 0
      96416 | 953.000000    | 1995-01-14 00:00:00 | 0
     146240 | 953.000000    | 1995-01-22 00:00:00 | 0
      92129 | 953.000000    | 1995-02-02 00:00:00 | 0
      60160 | 953.000000    | 1995-02-07 00:00:00 | 0
      92326 | 953.000000    | 1995-02-12 00:00:00 | 0
     187268 | 953.000000    | 1995-03-03 00:00:00 | 0
      28773 | 953.000000    | 1995-03-11 00:00:00 | 0
     159171 | 944.000000    | 1995-01-03 00:00:00 | 0
     296071 | 944.000000    | 1995-01-11 00:00:00 | 0
     233763 | 2.000000      | 1994-12-05 00:00:00 | 0
     276448 | 2.000000      | 1995-01-02 00:00:00 | 0
     183110 | 2.000000      | 1995-01-14 00:00:00 | 0
      62721 | 2.000000      | 1995-01-15 00:00:00 | 0
     347104 | 2.000000      | 1995-01-20 00:00:00 | 0
     503587 | 2.000000      | 1995-02-01 00:00:00 | 0
     536709 | 2.000000      | 1995-02-04 00:00:00 | 0
     246788 | 2.000000      | 1995-02-20 00:00:00 | 0
     117381 | 2.000000      | 1995-02-21 00:00:00 | 0
      68739 | 2.000000      | 1995-02-23 00:00:00 | 0
     298661 | 2.000000      | 1995-03-03 00:00:00 | 0
      38564 | 1.000000      | 1994-12-03 00:00:00 | 0
     318850 | 1.000000      | 1994-12-06 00:00:00 | 0
     490946 | 1.000000      | 1994-12-08 00:00:00 | 0
      94822 | 1.000000      | 1994-12-17 00:00:00 | 0
     423138 | 1.000000      | 1994-12-21 00:00:00 | 0
      96005 | 1.000000      | 1994-12-24 00:00:00 | 0
      65734 | 1.000000      | 1994-12-27 00:00:00 | 0
     502881 | 1.000000      | 1994-12-30 00:00:00 | 0
      20710 | 1.000000      | 1994-12-30 00:00:00 | 0
     219236 | 1.000000      | 1995-01-06 00:00:00 | 0
     539712 | 1.000000      | 1995-01-09 00:00:00 | 0
     544006 | 1.000000      | 1995-01-09 00:00:00 | 0
     333730 | 1.000000      | 1995-01-09 00:00:00 | 0
      51428 | 1.000000      | 1995-01-14 00:00:00 | 0
     552102 | 1.000000      | 1995-01-15 00:00:00 | 0
     542210 | 1.000000      | 1995-01-17 00:00:00 | 0
     298373 | 1.000000      | 1995-01-17 00:00:00 | 0
     435778 | 1.000000      | 1995-01-20 00:00:00 | 0
     421632 | 1.000000      | 1995-01-21 00:00:00 | 0
     460007 | 1.000000      | 1995-01-24 00:00:00 | 0
     519395 | 1.000000      | 1995-01-25 00:00:00 | 0
     460163 | 1.000000      | 1995-01-28 00:00:00 | 0
     119044 | 1.000000      | 1995-01-28 00:00:00 | 0
     384005 | 1.000000      | 1995-01-28 00:00:00 | 0
     570081 | 1.000000      | 1995-01-30 00:00:00 | 0
      96034 | 1.000000      | 1995-01-30 00:00:00 | 0
     160647 | 1.000000      | 1995-01-31 00:00:00 | 0
     440832 | 1.000000      | 1995-01-31 00:00:00 | 0
     161154 | 1.000000      | 1995-02-02 00:00:00 | 0
     588706 | 1.000000      | 1995-02-04 00:00:00 | 0
     276993 | 1.000000      | 1995-02-04 00:00:00 | 0
     501061 | 1.000000      | 1995-02-05 00:00:00 | 0
     368739 | 1.000000      | 1995-02-07 00:00:00 | 0
     416772 | 1.000000      | 1995-02-08 00:00:00 | 0
     423267 | 1.000000      | 1995-02-08 00:00:00 | 0
      35266 | 1.000000      | 1995-02-11 00:00:00 | 0
     191712 | 1.000000      | 1995-02-14 00:00:00 | 0
     238982 | 1.000000      | 1995-02-15 00:00:00 | 0
     397189 | 1.000000      | 1995-02-15 00:00:00 | 0
     459076 | 1.000000      | 1995-02-16 00:00:00 | 0
     296033 | 1.000000      | 1995-02-18 00:00:00 | 0
     146658 | 1.000000      | 1995-02-20 00:00:00 | 0
     154498 | 1.000000      | 1995-02-22 00:00:00 | 0
     156614 | 1.000000      | 1995-02-23 00:00:00 | 0
     372288 | 1.000000      | 1995-02-26 00:00:00 | 0
      15106 | 1.000000      | 1995-02-28 00:00:00 | 0
     503556 | 1.000000      | 1995-03-01 00:00:00 | 0
     333952 | 1.000000      | 1995-03-02 00:00:00 | 0
     108421 | 1.000000      | 1995-03-02 00:00:00 | 0
     504547 | 1.000000      | 1995-03-03 00:00:00 | 0
      66981 | 1.000000      | 1995-03-05 00:00:00 | 0
     190567 | 1.000000      | 1995-03-05 00:00:00 | 0
     581572 | 1.000000      | 1995-03-07 00:00:00 | 0
      89122 | 1.000000      | 1995-03-08 00:00:00 | 0
     400005 | 1.000000      | 1995-03-11 00:00:00 | 0
      70977 | 0.000000      | 1994-11-19 00:00:00 | 0
     522947 | 0.000000      | 1994-11-19 00:00:00 | 0
      81284 | 0.000000      | 1994-11-19 00:00:00 | 0
     417601 | 0.000000      | 1994-11-22 00:00:00 | 0
     231041 | 0.000000      | 1994-11-23 00:00:00 | 0
     145191 | 0.000000      | 1994-11-23 00:00:00 | 0
     528645 | 0.000000      | 1994-11-23 00:00:00 | 0
     584453 | 0.000000      | 1994-11-23 00:00:00 | 0
     592448 | 0.000000      | 1994-11-25 00:00:00 | 0
     485127 | 0.000000      | 1994-11-25 00:00:00 | 0
     315202 | 0.000000      | 1994-11-26 00:00:00 | 0
      17124 | 0.000000      | 1994-11-26 00:00:00 | 0
     167940 | 0.000000      | 1994-11-26 00:00:00 | 0
     307200 | 0.000000      | 1994-11-27 00:00:00 | 0
     120928 | 0.000000      | 1994-11-29 00:00:00 | 0
     177762 | 0.000000      | 1994-11-29 00:00:00 | 0
      97824 | 0.000000      | 1994-11-29 00:00:00 | 0
     295877 | 0.000000      | 1994-11-29 00:00:00 | 0
     385089 | 0.000000      | 1994-11-30 00:00:00 | 0
     402215 | 0.000000      | 1994-11-30 00:00:00 | 0
      31910 | 0.000000      | 1994-11-30 00:00:00 | 0
     335173 | 0.000000      | 1994-11-30 00:00:00 | 0
     464483 | 0.000000      | 1994-11-30 00:00:00 | 0
     491811 | 0.000000      | 1994-11-30 00:00:00 | 0
     516962 | 0.000000      | 1994-12-01 00:00:00 | 0
      20229 | 0.000000      | 1994-12-01 00:00:00 | 0
      26627 | 0.000000      | 1994-12-01 00:00:00 | 0
      74851 | 0.000000      | 1994-12-01 00:00:00 | 0
     162145 | 0.000000      | 1994-12-01 00:00:00 | 0
     501442 | 0.000000      | 1994-12-01 00:00:00 | 0
     191840 | 0.000000      | 1994-12-01 00:00:00 | 0
     239653 | 0.000000      | 1994-12-01 00:00:00 | 0
     253824 | 0.000000      | 1994-12-01 00:00:00 | 0
     596003 | 0.000000      | 1994-12-01 00:00:00 | 0
     301506 | 0.000000      | 1994-12-01 00:00:00 | 0
     428576 | 0.000000      | 1994-12-01 00:00:00 | 0
     417090 | 0.000000      | 1994-12-01 00:00:00 | 0
     464418 | 0.000000      | 1994-12-02 00:00:00 | 0
      52226 | 0.000000      | 1994-12-02 00:00:00 | 0
     110886 | 0.000000      | 1994-12-02 00:00:00 | 0
     152581 | 0.000000      | 1994-12-02 00:00:00 | 0
      37796 | 0.000000      | 1994-12-02 00:00:00 | 0
     531264 | 0.000000      | 1994-12-03 00:00:00 | 0
     116647 | 0.000000      | 1994-12-03 00:00:00 | 0
     191589 | 0.000000      | 1994-12-03 00:00:00 | 0
     204513 | 0.000000      | 1994-12-03 00:00:00 | 0
      87780 | 0.000000      | 1994-12-04 00:00:00 | 0
     135589 | 0.000000      | 1994-12-04 00:00:00 | 0
     484866 | 0.000000      | 1994-12-04 00:00:00 | 0
     434819 | 0.000000      | 1994-12-04 00:00:00 | 0
     362497 | 0.000000      | 1994-12-04 00:00:00 | 0
     317953 | 0.000000      | 1994-12-04 00:00:00 | 0
     558436 | 0.000000      | 1994-12-05 00:00:00 | 0
      22339 | 0.000000      | 1994-12-05 00:00:00 | 0
     202183 | 0.000000      | 1994-12-05 00:00:00 | 0
     556391 | 0.000000      | 1994-12-06 00:00:00 | 0
     232263 | 0.000000      | 1994-12-06 00:00:00 | 0
     279620 | 0.000000      | 1994-12-06 00:00:00 | 0
      32291 | 0.000000      | 1994-12-06 00:00:00 | 0
     236161 | 0.000000      | 1994-12-06 00:00:00 | 0
     537280 | 0.000000      | 1994-12-06 00:00:00 | 0
     449478 | 0.000000      | 1994-12-07 00:00:00 | 0
      63399 | 0.000000      | 1994-12-07 00:00:00 | 0
      81188 | 0.000000      | 1994-12-07 00:00:00 | 0
     346658 | 0.000000      | 1994-12-07 00:00:00 | 0
      80065 | 0.000000      | 1994-12-07 00:00:00 | 0
     291776 | 0.000000      | 1994-12-08 00:00:00 | 0
      92197 | 0.000000      | 1994-12-08 00:00:00 | 0
      46151 | 0.000000      | 1994-12-09 00:00:00 | 0
      37793 | 0.000000      | 1994-12-09 00:00:00 | 0
     394273 | 0.000000      | 1994-12-09 00:00:00 | 0
     450503 | 0.000000      | 1994-12-09 00:00:00 | 0
      85857 | 0.000000      | 1994-12-09 00:00:00 | 0
     307937 | 0.000000      | 1994-12-10 00:00:00 | 0
     183169 | 0.000000      | 1994-12-10 00:00:00 | 0
     446720 | 0.000000      | 1994-12-10 00:00:00 | 0
     488197 | 0.000000      | 1994-12-10 00:00:00 | 0
     506305 | 0.000000      | 1994-12-10 00:00:00 | 0
     397728 | 0.000000      | 1994-12-10 00:00:00 | 0
     489284 | 0.000000      | 1994-12-10 00:00:00 | 0
     158336 | 0.000000      | 1994-12-10 00:00:00 | 0
     200352 | 0.000000      | 1994-12-11 00:00:00 | 0
     580038 | 0.000000      | 1994-12-11 00:00:00 | 0
     465696 | 0.000000      | 1994-12-11 00:00:00 | 0
     155427 | 0.000000      | 1994-12-12 00:00:00 | 0
     308644 | 0.000000      | 1994-12-12 00:00:00 | 0
     185283 | 0.000000      | 1994-12-13 00:00:00 | 0
     299203 | 0.000000      | 1994-12-13 00:00:00 | 0
      51392 | 0.000000      | 1994-12-13 00:00:00 | 0
     524611 | 0.000000      | 1994-12-14 00:00:00 | 0
     362727 | 0.000000      | 1994-12-14 00:00:00 | 0
      46727 | 0.000000      | 1994-12-14 00:00:00 | 0
     318081 | 0.000000      | 1994-12-14 00:00:00 | 0
     289539 | 0.000000      | 1994-12-14 00:00:00 | 0
     171204 | 0.000000      | 1994-12-14 00:00:00 | 0
     143429 | 0.000000      | 1994-12-14 00:00:00 | 0
     260550 | 0.000000      | 1994-12-15 00:00:00 | 0
     328609 | 0.000000      | 1994-12-15 00:00:00 | 0
     319008 | 0.000000      | 1994-12-16 00:00:00 | 0
      11332 | 0.000000      | 1994-12-17 00:00:00 | 0
     116833 | 0.000000      | 1994-12-17 00:00:00 | 0
      64384 | 0.000000      | 1994-12-17 00:00:00 | 0
     515617 | 0.000000      | 1994-12-17 00:00:00 | 0
     487616 | 0.000000      | 1994-12-17 00:00:00 | 0
      55554 | 0.000000      | 1994-12-17 00:00:00 | 0
     469888 | 0.000000      | 1994-12-18 00:00:00 | 0
     197638 | 0.000000      | 1994-12-18 00:00:00 | 0
     585221 | 0.000000      | 1994-12-18 00:00:00 | 0
     152033 | 0.000000      | 1994-12-18 00:00:00 | 0
     275362 | 0.000000      | 1994-12-19 00:00:00 | 0
     469316 | 0.000000      | 1994-12-19 00:00:00 | 0
     534278 | 0.000000      | 1994-12-19 00:00:00 | 0
     593158 | 0.000000      | 1994-12-19 00:00:00 | 0
      35431 | 0.000000      | 1994-12-19 00:00:00 | 0
     166176 | 0.000000      | 1994-12-19 00:00:00 | 0
     295685 | 0.000000      | 1994-12-19 00:00:00 | 0
     323328 | 0.000000      | 1994-12-19 00:00:00 | 0
     205991 | 0.000000      | 1994-12-20 00:00:00 | 0
     431651 | 0.000000      | 1994-12-20 00:00:00 | 0
     499108 | 0.000000      | 1994-12-21 00:00:00 | 0
      62567 | 0.000000      | 1994-12-21 00:00:00 | 0
       3042 | 0.000000      | 1994-12-21 00:00:00 | 0
     352934 | 0.000000      | 1994-12-22 00:00:00 | 0
     271745 | 0.000000      | 1994-12-22 00:00:00 | 0
     177668 | 0.000000      | 1994-12-22 00:00:00 | 0
     141890 | 0.000000      | 1994-12-22 00:00:00 | 0
     308129 | 0.000000      | 1994-12-22 00:00:00 | 0
      95430 | 0.000000      | 1994-12-22 00:00:00 | 0
      84422 | 0.000000      | 1994-12-22 00:00:00 | 0
     409602 | 0.000000      | 1994-12-22 00:00:00 | 0
     350407 | 0.000000      | 1994-12-22 00:00:00 | 0
     583940 | 0.000000      | 1994-12-22 00:00:00 | 0
     377220 | 0.000000      | 1994-12-22 00:00:00 | 0
     115910 | 0.000000      | 1994-12-23 00:00:00 | 0
     593025 | 0.000000      | 1994-12-23 00:00:00 | 0
      11584 | 0.000000      | 1994-12-23 00:00:00 | 0
     190244 | 0.000000      | 1994-12-23 00:00:00 | 0
     175424 | 0.000000      | 1994-12-23 00:00:00 | 0
      19521 | 0.000000      | 1994-12-24 00:00:00 | 0
     372612 | 0.000000      | 1994-12-24 00:00:00 | 0
     223106 | 0.000000      | 1994-12-24 00:00:00 | 0
     166789 | 0.000000      | 1994-12-24 00:00:00 | 0
      46052 | 0.000000      | 1994-12-24 00:00:00 | 0
      48295 | 0.000000      | 1994-12-24 00:00:00 | 0
     484804 | 0.000000      | 1994-12-24 00:00:00 | 0
      15361 | 0.000000      | 1994-12-24 00:00:00 | 0
     591619 | 0.000000      | 1994-12-24 00:00:00 | 0
      40835 | 0.000000      | 1994-12-25 00:00:00 | 0
     423427 | 0.000000      | 1994-12-25 00:00:00 | 0
     205478 | 0.000000      | 1994-12-25 00:00:00 | 0
     211461 | 0.000000      | 1994-12-25 00:00:00 | 0
     484770 | 0.000000      | 1994-12-25 00:00:00 | 0
     597443 | 0.000000      | 1994-12-25 00:00:00 | 0
     466212 | 0.000000      | 1994-12-25 00:00:00 | 0
     149347 | 0.000000      | 1994-12-25 00:00:00 | 0
      17668 | 0.000000      | 1994-12-26 00:00:00 | 0
     409414 | 0.000000      | 1994-12-26 00:00:00 | 0
     583047 | 0.000000      | 1994-12-26 00:00:00 | 0
     303302 | 0.000000      | 1994-12-26 00:00:00 | 0
     364580 | 0.000000      | 1994-12-27 00:00:00 | 0
     505380 | 0.000000      | 1994-12-27 00:00:00 | 0
     162146 | 0.000000      | 1994-12-27 00:00:00 | 0
     594692 | 0.000000      | 1994-12-27 00:00:00 | 0
      80838 | 0.000000      | 1994-12-28 00:00:00 | 0
     203173 | 0.000000      | 1994-12-28 00:00:00 | 0
     121127 | 0.000000      | 1994-12-28 00:00:00 | 0
     430693 | 0.000000      | 1994-12-28 00:00:00 | 0
     361984 | 0.000000      | 1994-12-28 00:00:00 | 0
     441090 | 0.000000      | 1994-12-28 00:00:00 | 0
     228033 | 0.000000      | 1994-12-28 00:00:00 | 0
     400130 | 0.000000      | 1994-12-29 00:00:00 | 0
      96646 | 0.000000      | 1994-12-29 00:00:00 | 0
     151814 | 0.000000      | 1994-12-29 00:00:00 | 0
     448551 | 0.000000      | 1994-12-29 00:00:00 | 0
     167492 | 0.000000      | 1994-12-30 00:00:00 | 0
     589415 | 0.000000      | 1994-12-30 00:00:00 | 0
     175617 | 0.000000      | 1994-12-30 00:00:00 | 0
     389217 | 0.000000      | 1994-12-30 00:00:00 | 0
      38947 | 0.000000      | 1994-12-30 00:00:00 | 0
     459078 | 0.000000      | 1994-12-30 00:00:00 | 0
     318305 | 0.000000      | 1995-01-01 00:00:00 | 0
     223425 | 0.000000      | 1995-01-01 00:00:00 | 0
     325571 | 0.000000      | 1995-01-01 00:00:00 | 0
     272103 | 0.000000      | 1995-01-01 00:00:00 | 0
     483876 | 0.000000      | 1995-01-01 00:00:00 | 0
     367655 | 0.000000      | 1995-01-01 00:00:00 | 0
     324103 | 0.000000      | 1995-01-02 00:00:00 | 0
      39844 | 0.000000      | 1995-01-02 00:00:00 | 0
     383141 | 0.000000      | 1995-01-02 00:00:00 | 0
     466307 | 0.000000      | 1995-01-03 00:00:00 | 0
     238788 | 0.000000      | 1995-01-03 00:00:00 | 0
     237601 | 0.000000      | 1995-01-03 00:00:00 | 0
     101415 | 0.000000      | 1995-01-03 00:00:00 | 0
      49668 | 0.000000      | 1995-01-03 00:00:00 | 0
     318949 | 0.000000      | 1995-01-03 00:00:00 | 0
     466790 | 0.000000      | 1995-01-03 00:00:00 | 0
     108547 | 0.000000      | 1995-01-04 00:00:00 | 0
     236258 | 0.000000      | 1995-01-04 00:00:00 | 0
     248678 | 0.000000      | 1995-01-04 00:00:00 | 0
     348672 | 0.000000      | 1995-01-04 00:00:00 | 0
     564642 | 0.000000      | 1995-01-05 00:00:00 | 0
     288803 | 0.000000      | 1995-01-05 00:00:00 | 0
     552736 | 0.000000      | 1995-01-05 00:00:00 | 0
     556101 | 0.000000      | 1995-01-05 00:00:00 | 0
     199270 | 0.000000      | 1995-01-05 00:00:00 | 0
     237125 | 0.000000      | 1995-01-05 00:00:00 | 0
     353735 | 0.000000      | 1995-01-05 00:00:00 | 0
     370500 | 0.000000      | 1995-01-05 00:00:00 | 0
     467652 | 0.000000      | 1995-01-05 00:00:00 | 0
     242624 | 0.000000      | 1995-01-06 00:00:00 | 0
     263843 | 0.000000      | 1995-01-06 00:00:00 | 0
     467335 | 0.000000      | 1995-01-06 00:00:00 | 0
     182982 | 0.000000      | 1995-01-06 00:00:00 | 0
     294919 | 0.000000      | 1995-01-06 00:00:00 | 0
     384610 | 0.000000      | 1995-01-06 00:00:00 | 0
     554565 | 0.000000      | 1995-01-06 00:00:00 | 0
      16032 | 0.000000      | 1995-01-06 00:00:00 | 0
     359842 | 0.000000      | 1995-01-07 00:00:00 | 0
     523010 | 0.000000      | 1995-01-07 00:00:00 | 0
     354371 | 0.000000      | 1995-01-07 00:00:00 | 0
      24737 | 0.000000      | 1995-01-07 00:00:00 | 0
     571687 | 0.000000      | 1995-01-08 00:00:00 | 0
     498279 | 0.000000      | 1995-01-08 00:00:00 | 0
      35457 | 0.000000      | 1995-01-08 00:00:00 | 0
     293063 | 0.000000      | 1995-01-08 00:00:00 | 0
     537765 | 0.000000      | 1995-01-08 00:00:00 | 0
     217154 | 0.000000      | 1995-01-08 00:00:00 | 0
       4710 | 0.000000      | 1995-01-08 00:00:00 | 0
     331939 | 0.000000      | 1995-01-08 00:00:00 | 0
     383239 | 0.000000      | 1995-01-08 00:00:00 | 0
      37700 | 0.000000      | 1995-01-09 00:00:00 | 0
     357315 | 0.000000      | 1995-01-09 00:00:00 | 0
     538691 | 0.000000      | 1995-01-09 00:00:00 | 0
      52994 | 0.000000      | 1995-01-09 00:00:00 | 0
     563556 | 0.000000      | 1995-01-10 00:00:00 | 0
       8290 | 0.000000      | 1995-01-10 00:00:00 | 0
     199808 | 0.000000      | 1995-01-10 00:00:00 | 0
     167713 | 0.000000      | 1995-01-10 00:00:00 | 0
     277920 | 0.000000      | 1995-01-10 00:00:00 | 0
      41765 | 0.000000      | 1995-01-10 00:00:00 | 0
     297857 | 0.000000      | 1995-01-10 00:00:00 | 0
      48483 | 0.000000      | 1995-01-11 00:00:00 | 0
     518083 | 0.000000      | 1995-01-11 00:00:00 | 0
     503844 | 0.000000      | 1995-01-11 00:00:00 | 0
     274311 | 0.000000      | 1995-01-11 00:00:00 | 0
     114214 | 0.000000      | 1995-01-11 00:00:00 | 0
     308801 | 0.000000      | 1995-01-11 00:00:00 | 0
     438727 | 0.000000      | 1995-01-12 00:00:00 | 0
     580709 | 0.000000      | 1995-01-12 00:00:00 | 0
     356805 | 0.000000      | 1995-01-12 00:00:00 | 0
     337568 | 0.000000      | 1995-01-12 00:00:00 | 0
     545255 | 0.000000      | 1995-01-12 00:00:00 | 0
       7527 | 0.000000      | 1995-01-12 00:00:00 | 0
      34055 | 0.000000      | 1995-01-13 00:00:00 | 0
      51555 | 0.000000      | 1995-01-13 00:00:00 | 0
     579942 | 0.000000      | 1995-01-13 00:00:00 | 0
      15748 | 0.000000      | 1995-01-13 00:00:00 | 0
      12961 | 0.000000      | 1995-01-13 00:00:00 | 0
      12224 | 0.000000      | 1995-01-13 00:00:00 | 0
      39361 | 0.000000      | 1995-01-14 00:00:00 | 0
      82503 | 0.000000      | 1995-01-14 00:00:00 | 0
     490369 | 0.000000      | 1995-01-14 00:00:00 | 0
     552929 | 0.000000      | 1995-01-14 00:00:00 | 0
     405123 | 0.000000      | 1995-01-14 00:00:00 | 0
     516455 | 0.000000      | 1995-01-14 00:00:00 | 0
      16102 | 0.000000      | 1995-01-14 00:00:00 | 0
     556326 | 0.000000      | 1995-01-14 00:00:00 | 0
      24165 | 0.000000      | 1995-01-14 00:00:00 | 0
      54468 | 0.000000      | 1995-01-15 00:00:00 | 0
     235360 | 0.000000      | 1995-01-15 00:00:00 | 0
     559554 | 0.000000      | 1995-01-15 00:00:00 | 0
     292198 | 0.000000      | 1995-01-15 00:00:00 | 0
     137670 | 0.000000      | 1995-01-15 00:00:00 | 0
     239136 | 0.000000      | 1995-01-15 00:00:00 | 0
     328709 | 0.000000      | 1995-01-16 00:00:00 | 0
     491681 | 0.000000      | 1995-01-16 00:00:00 | 0
     168418 | 0.000000      | 1995-01-16 00:00:00 | 0
     357475 | 0.000000      | 1995-01-16 00:00:00 | 0
     562085 | 0.000000      | 1995-01-16 00:00:00 | 0
     315237 | 0.000000      | 1995-01-16 00:00:00 | 0
     218183 | 0.000000      | 1995-01-16 00:00:00 | 0
     431684 | 0.000000      | 1995-01-16 00:00:00 | 0
     346499 | 0.000000      | 1995-01-16 00:00:00 | 0
     390372 | 0.000000      | 1995-01-17 00:00:00 | 0
     469634 | 0.000000      | 1995-01-17 00:00:00 | 0
     194118 | 0.000000      | 1995-01-17 00:00:00 | 0
     562662 | 0.000000      | 1995-01-17 00:00:00 | 0
     365895 | 0.000000      | 1995-01-17 00:00:00 | 0
     471175 | 0.000000      | 1995-01-18 00:00:00 | 0
      46341 | 0.000000      | 1995-01-18 00:00:00 | 0
     131879 | 0.000000      | 1995-01-18 00:00:00 | 0
     123232 | 0.000000      | 1995-01-18 00:00:00 | 0
      68775 | 0.000000      | 1995-01-18 00:00:00 | 0
        359 | 0.000000      | 1995-01-19 00:00:00 | 0
      22947 | 0.000000      | 1995-01-19 00:00:00 | 0
      47207 | 0.000000      | 1995-01-19 00:00:00 | 0
      51975 | 0.000000      | 1995-01-19 00:00:00 | 0
      89639 | 0.000000      | 1995-01-19 00:00:00 | 0
     206438 | 0.000000      | 1995-01-19 00:00:00 | 0
     292995 | 0.000000      | 1995-01-19 00:00:00 | 0
     392263 | 0.000000      | 1995-01-19 00:00:00 | 0
     431584 | 0.000000      | 1995-01-19 00:00:00 | 0
     441797 | 0.000000      | 1995-01-19 00:00:00 | 0
     469733 | 0.000000      | 1995-01-19 00:00:00 | 0
     545824 | 0.000000      | 1995-01-19 00:00:00 | 0
     433890 | 0.000000      | 1995-01-20 00:00:00 | 0
       6369 | 0.000000      | 1995-01-20 00:00:00 | 0
      13924 | 0.000000      | 1995-01-20 00:00:00 | 0
      38240 | 0.000000      | 1995-01-20 00:00:00 | 0
      40356 | 0.000000      | 1995-01-20 00:00:00 | 0
     433477 | 0.000000      | 1995-01-20 00:00:00 | 0
     545537 | 0.000000      | 1995-01-21 00:00:00 | 0
     534308 | 0.000000      | 1995-01-21 00:00:00 | 0
     237572 | 0.000000      | 1995-01-21 00:00:00 | 0
     412039 | 0.000000      | 1995-01-21 00:00:00 | 0
       6562 | 0.000000      | 1995-01-21 00:00:00 | 0
     186979 | 0.000000      | 1995-01-21 00:00:00 | 0
      93954 | 0.000000      | 1995-01-21 00:00:00 | 0
     277349 | 0.000000      | 1995-01-22 00:00:00 | 0
     390400 | 0.000000      | 1995-01-22 00:00:00 | 0
     266948 | 0.000000      | 1995-01-22 00:00:00 | 0
     546369 | 0.000000      | 1995-01-22 00:00:00 | 0
     588610 | 0.000000      | 1995-01-22 00:00:00 | 0
     352096 | 0.000000      | 1995-01-22 00:00:00 | 0
     436515 | 0.000000      | 1995-01-22 00:00:00 | 0
       3458 | 0.000000      | 1995-01-22 00:00:00 | 0
      91936 | 0.000000      | 1995-01-23 00:00:00 | 0
     245223 | 0.000000      | 1995-01-23 00:00:00 | 0
     234880 | 0.000000      | 1995-01-23 00:00:00 | 0
     213636 | 0.000000      | 1995-01-23 00:00:00 | 0
     474151 | 0.000000      | 1995-01-23 00:00:00 | 0
     512260 | 0.000000      | 1995-01-23 00:00:00 | 0
     228132 | 0.000000      | 1995-01-24 00:00:00 | 0
     154436 | 0.000000      | 1995-01-24 00:00:00 | 0
     228032 | 0.000000      | 1995-01-24 00:00:00 | 0
     270309 | 0.000000      | 1995-01-24 00:00:00 | 0
     316706 | 0.000000      | 1995-01-24 00:00:00 | 0
     463074 | 0.000000      | 1995-01-24 00:00:00 | 0
     394853 | 0.000000      | 1995-01-25 00:00:00 | 0
      87172 | 0.000000      | 1995-01-25 00:00:00 | 0
     132034 | 0.000000      | 1995-01-25 00:00:00 | 0
     408197 | 0.000000      | 1995-01-25 00:00:00 | 0
     129762 | 0.000000      | 1995-01-25 00:00:00 | 0
     389728 | 0.000000      | 1995-01-25 00:00:00 | 0
     109697 | 0.000000      | 1995-01-25 00:00:00 | 0
      36834 | 0.000000      | 1995-01-25 00:00:00 | 0
     365415 | 0.000000      | 1995-01-25 00:00:00 | 0
     286368 | 0.000000      | 1995-01-25 00:00:00 | 0
     160387 | 0.000000      | 1995-01-26 00:00:00 | 0
     184453 | 0.000000      | 1995-01-26 00:00:00 | 0
     320391 | 0.000000      | 1995-01-26 00:00:00 | 0
     285031 | 0.000000      | 1995-01-26 00:00:00 | 0
     231392 | 0.000000      | 1995-01-26 00:00:00 | 0
      21442 | 0.000000      | 1995-01-26 00:00:00 | 0
     425825 | 0.000000      | 1995-01-27 00:00:00 | 0
      70692 | 0.000000      | 1995-01-27 00:00:00 | 0
     489506 | 0.000000      | 1995-01-27 00:00:00 | 0
     329221 | 0.000000      | 1995-01-27 00:00:00 | 0
     538276 | 0.000000      | 1995-01-27 00:00:00 | 0
     578210 | 0.000000      | 1995-01-27 00:00:00 | 0
     450528 | 0.000000      | 1995-01-27 00:00:00 | 0
     131360 | 0.000000      | 1995-01-27 00:00:00 | 0
     501792 | 0.000000      | 1995-01-28 00:00:00 | 0
     268326 | 0.000000      | 1995-01-28 00:00:00 | 0
     251299 | 0.000000      | 1995-01-28 00:00:00 | 0
      99300 | 0.000000      | 1995-01-28 00:00:00 | 0
     552774 | 0.000000      | 1995-01-28 00:00:00 | 0
     426561 | 0.000000      | 1995-01-28 00:00:00 | 0
     392386 | 0.000000      | 1995-01-28 00:00:00 | 0
     557959 | 0.000000      | 1995-01-29 00:00:00 | 0
      84711 | 0.000000      | 1995-01-29 00:00:00 | 0
     366594 | 0.000000      | 1995-01-29 00:00:00 | 0
     347847 | 0.000000      | 1995-01-29 00:00:00 | 0
     231168 | 0.000000      | 1995-01-29 00:00:00 | 0
     103623 | 0.000000      | 1995-01-29 00:00:00 | 0
      47201 | 0.000000      | 1995-01-29 00:00:00 | 0
     282528 | 0.000000      | 1995-01-29 00:00:00 | 0
     513794 | 0.000000      | 1995-01-30 00:00:00 | 0
      29824 | 0.000000      | 1995-01-30 00:00:00 | 0
     469731 | 0.000000      | 1995-01-30 00:00:00 | 0
     358403 | 0.000000      | 1995-01-30 00:00:00 | 0
      68514 | 0.000000      | 1995-01-30 00:00:00 | 0
     562821 | 0.000000      | 1995-01-30 00:00:00 | 0
     482976 | 0.000000      | 1995-01-30 00:00:00 | 0
     362592 | 0.000000      | 1995-01-30 00:00:00 | 0
     303204 | 0.000000      | 1995-01-30 00:00:00 | 0
     532836 | 0.000000      | 1995-01-30 00:00:00 | 0
     557060 | 0.000000      | 1995-01-30 00:00:00 | 0
     533824 | 0.000000      | 1995-01-30 00:00:00 | 0
     491876 | 0.000000      | 1995-01-31 00:00:00 | 0
      26432 | 0.000000      | 1995-01-31 00:00:00 | 0
     407715 | 0.000000      | 1995-01-31 00:00:00 | 0
     487362 | 0.000000      | 1995-01-31 00:00:00 | 0
     260195 | 0.000000      | 1995-01-31 00:00:00 | 0
     331524 | 0.000000      | 1995-01-31 00:00:00 | 0
      28262 | 0.000000      | 1995-02-01 00:00:00 | 0
     236162 | 0.000000      | 1995-02-01 00:00:00 | 0
     201671 | 0.000000      | 1995-02-01 00:00:00 | 0
     299875 | 0.000000      | 1995-02-01 00:00:00 | 0
     295842 | 0.000000      | 1995-02-01 00:00:00 | 0
      94821 | 0.000000      | 1995-02-01 00:00:00 | 0
     186531 | 0.000000      | 1995-02-01 00:00:00 | 0
      66530 | 0.000000      | 1995-02-01 00:00:00 | 0
     398850 | 0.000000      | 1995-02-01 00:00:00 | 0
     479011 | 0.000000      | 1995-02-02 00:00:00 | 0
     180258 | 0.000000      | 1995-02-02 00:00:00 | 0
     253249 | 0.000000      | 1995-02-02 00:00:00 | 0
      85187 | 0.000000      | 1995-02-02 00:00:00 | 0
      17058 | 0.000000      | 1995-02-02 00:00:00 | 0
      33476 | 0.000000      | 1995-02-02 00:00:00 | 0
      16262 | 0.000000      | 1995-02-02 00:00:00 | 0
     424775 | 0.000000      | 1995-02-02 00:00:00 | 0
     137152 | 0.000000      | 1995-02-03 00:00:00 | 0
     152325 | 0.000000      | 1995-02-03 00:00:00 | 0
      10144 | 0.000000      | 1995-02-03 00:00:00 | 0
     439363 | 0.000000      | 1995-02-03 00:00:00 | 0
     139463 | 0.000000      | 1995-02-04 00:00:00 | 0
     267875 | 0.000000      | 1995-02-04 00:00:00 | 0
     168546 | 0.000000      | 1995-02-04 00:00:00 | 0
     482278 | 0.000000      | 1995-02-04 00:00:00 | 0
     530944 | 0.000000      | 1995-02-04 00:00:00 | 0
     239620 | 0.000000      | 1995-02-04 00:00:00 | 0
     299713 | 0.000000      | 1995-02-05 00:00:00 | 0
     506180 | 0.000000      | 1995-02-05 00:00:00 | 0
     349190 | 0.000000      | 1995-02-05 00:00:00 | 0
     404578 | 0.000000      | 1995-02-05 00:00:00 | 0
     266913 | 0.000000      | 1995-02-05 00:00:00 | 0
      90791 | 0.000000      | 1995-02-05 00:00:00 | 0
     597985 | 0.000000      | 1995-02-05 00:00:00 | 0
     139495 | 0.000000      | 1995-02-05 00:00:00 | 0
     405958 | 0.000000      | 1995-02-06 00:00:00 | 0
     382405 | 0.000000      | 1995-02-06 00:00:00 | 0
     421793 | 0.000000      | 1995-02-06 00:00:00 | 0
     293447 | 0.000000      | 1995-02-06 00:00:00 | 0
     281184 | 0.000000      | 1995-02-07 00:00:00 | 0
     544512 | 0.000000      | 1995-02-07 00:00:00 | 0
     339974 | 0.000000      | 1995-02-07 00:00:00 | 0
     301569 | 0.000000      | 1995-02-07 00:00:00 | 0
     513126 | 0.000000      | 1995-02-07 00:00:00 | 0
     303653 | 0.000000      | 1995-02-07 00:00:00 | 0
     532481 | 0.000000      | 1995-02-07 00:00:00 | 0
     549799 | 0.000000      | 1995-02-07 00:00:00 | 0
     556321 | 0.000000      | 1995-02-07 00:00:00 | 0
     129668 | 0.000000      | 1995-02-08 00:00:00 | 0
      73347 | 0.000000      | 1995-02-08 00:00:00 | 0
     513959 | 0.000000      | 1995-02-08 00:00:00 | 0
     579202 | 0.000000      | 1995-02-08 00:00:00 | 0
     533185 | 0.000000      | 1995-02-08 00:00:00 | 0
     179716 | 0.000000      | 1995-02-08 00:00:00 | 0
      47076 | 0.000000      | 1995-02-08 00:00:00 | 0
      52672 | 0.000000      | 1995-02-09 00:00:00 | 0
     125472 | 0.000000      | 1995-02-09 00:00:00 | 0
      46402 | 0.000000      | 1995-02-09 00:00:00 | 0
      71652 | 0.000000      | 1995-02-09 00:00:00 | 0
     122372 | 0.000000      | 1995-02-09 00:00:00 | 0
     180742 | 0.000000      | 1995-02-09 00:00:00 | 0
     348293 | 0.000000      | 1995-02-09 00:00:00 | 0
     454115 | 0.000000      | 1995-02-09 00:00:00 | 0
     341572 | 0.000000      | 1995-02-09 00:00:00 | 0
     571842 | 0.000000      | 1995-02-10 00:00:00 | 0
     335014 | 0.000000      | 1995-02-10 00:00:00 | 0
     324289 | 0.000000      | 1995-02-10 00:00:00 | 0
     100934 | 0.000000      | 1995-02-10 00:00:00 | 0
     174624 | 0.000000      | 1995-02-10 00:00:00 | 0
     418818 | 0.000000      | 1995-02-10 00:00:00 | 0
     504864 | 0.000000      | 1995-02-10 00:00:00 | 0
      79168 | 0.000000      | 1995-02-10 00:00:00 | 0
     267972 | 0.000000      | 1995-02-10 00:00:00 | 0
     588226 | 0.000000      | 1995-02-11 00:00:00 | 0
      70695 | 0.000000      | 1995-02-11 00:00:00 | 0
     145858 | 0.000000      | 1995-02-11 00:00:00 | 0
     236516 | 0.000000      | 1995-02-11 00:00:00 | 0
     576870 | 0.000000      | 1995-02-11 00:00:00 | 0
      40420 | 0.000000      | 1995-02-11 00:00:00 | 0
     547425 | 0.000000      | 1995-02-12 00:00:00 | 0
     324641 | 0.000000      | 1995-02-12 00:00:00 | 0
     158342 | 0.000000      | 1995-02-12 00:00:00 | 0
     143815 | 0.000000      | 1995-02-12 00:00:00 | 0
     413444 | 0.000000      | 1995-02-12 00:00:00 | 0
     295748 | 0.000000      | 1995-02-12 00:00:00 | 0
     272930 | 0.000000      | 1995-02-13 00:00:00 | 0
     437250 | 0.000000      | 1995-02-13 00:00:00 | 0
      60034 | 0.000000      | 1995-02-13 00:00:00 | 0
      40455 | 0.000000      | 1995-02-13 00:00:00 | 0
     576102 | 0.000000      | 1995-02-13 00:00:00 | 0
     191237 | 0.000000      | 1995-02-13 00:00:00 | 0
     372195 | 0.000000      | 1995-02-13 00:00:00 | 0
     387009 | 0.000000      | 1995-02-13 00:00:00 | 0
     122437 | 0.000000      | 1995-02-14 00:00:00 | 0
      66215 | 0.000000      | 1995-02-14 00:00:00 | 0
     367237 | 0.000000      | 1995-02-14 00:00:00 | 0
     222215 | 0.000000      | 1995-02-14 00:00:00 | 0
     504866 | 0.000000      | 1995-02-15 00:00:00 | 0
     147047 | 0.000000      | 1995-02-15 00:00:00 | 0
     316708 | 0.000000      | 1995-02-15 00:00:00 | 0
     380197 | 0.000000      | 1995-02-15 00:00:00 | 0
     127301 | 0.000000      | 1995-02-15 00:00:00 | 0
     597795 | 0.000000      | 1995-02-15 00:00:00 | 0
      60231 | 0.000000      | 1995-02-15 00:00:00 | 0
     594852 | 0.000000      | 1995-02-16 00:00:00 | 0
     421889 | 0.000000      | 1995-02-16 00:00:00 | 0
     113539 | 0.000000      | 1995-02-16 00:00:00 | 0
     582790 | 0.000000      | 1995-02-16 00:00:00 | 0
     487397 | 0.000000      | 1995-02-16 00:00:00 | 0
     584066 | 0.000000      | 1995-02-16 00:00:00 | 0
      24709 | 0.000000      | 1995-02-16 00:00:00 | 0
     363750 | 0.000000      | 1995-02-16 00:00:00 | 0
       7651 | 0.000000      | 1995-02-16 00:00:00 | 0
     161253 | 0.000000      | 1995-02-16 00:00:00 | 0
     458912 | 0.000000      | 1995-02-16 00:00:00 | 0
     592262 | 0.000000      | 1995-02-17 00:00:00 | 0
     490560 | 0.000000      | 1995-02-17 00:00:00 | 0
     265029 | 0.000000      | 1995-02-17 00:00:00 | 0
     449829 | 0.000000      | 1995-02-17 00:00:00 | 0
     287331 | 0.000000      | 1995-02-17 00:00:00 | 0
     515364 | 0.000000      | 1995-02-17 00:00:00 | 0
     264455 | 0.000000      | 1995-02-17 00:00:00 | 0
     555332 | 0.000000      | 1995-02-17 00:00:00 | 0
     475808 | 0.000000      | 1995-02-17 00:00:00 | 0
     182468 | 0.000000      | 1995-02-17 00:00:00 | 0
     251168 | 0.000000      | 1995-02-17 00:00:00 | 0
      62563 | 0.000000      | 1995-02-17 00:00:00 | 0
     292007 | 0.000000      | 1995-02-17 00:00:00 | 0
     480007 | 0.000000      | 1995-02-18 00:00:00 | 0
      46980 | 0.000000      | 1995-02-18 00:00:00 | 0
     477344 | 0.000000      | 1995-02-18 00:00:00 | 0
     148355 | 0.000000      | 1995-02-18 00:00:00 | 0
      65255 | 0.000000      | 1995-02-18 00:00:00 | 0
     170693 | 0.000000      | 1995-02-18 00:00:00 | 0
     554917 | 0.000000      | 1995-02-18 00:00:00 | 0
     453152 | 0.000000      | 1995-02-18 00:00:00 | 0
     416480 | 0.000000      | 1995-02-19 00:00:00 | 0
     311809 | 0.000000      | 1995-02-19 00:00:00 | 0
     429603 | 0.000000      | 1995-02-19 00:00:00 | 0
     552356 | 0.000000      | 1995-02-19 00:00:00 | 0
      41062 | 0.000000      | 1995-02-19 00:00:00 | 0
     308544 | 0.000000      | 1995-02-20 00:00:00 | 0
     492802 | 0.000000      | 1995-02-20 00:00:00 | 0
     326246 | 0.000000      | 1995-02-20 00:00:00 | 0
     458023 | 0.000000      | 1995-02-20 00:00:00 | 0
     500802 | 0.000000      | 1995-02-20 00:00:00 | 0
     528836 | 0.000000      | 1995-02-20 00:00:00 | 0
     241121 | 0.000000      | 1995-02-20 00:00:00 | 0
     249411 | 0.000000      | 1995-02-21 00:00:00 | 0
     248897 | 0.000000      | 1995-02-21 00:00:00 | 0
     470115 | 0.000000      | 1995-02-21 00:00:00 | 0
     557378 | 0.000000      | 1995-02-22 00:00:00 | 0
     121863 | 0.000000      | 1995-02-22 00:00:00 | 0
     418274 | 0.000000      | 1995-02-22 00:00:00 | 0
      16837 | 0.000000      | 1995-02-22 00:00:00 | 0
     596611 | 0.000000      | 1995-02-22 00:00:00 | 0
     402087 | 0.000000      | 1995-02-22 00:00:00 | 0
     360289 | 0.000000      | 1995-02-22 00:00:00 | 0
     155622 | 0.000000      | 1995-02-23 00:00:00 | 0
     222821 | 0.000000      | 1995-02-23 00:00:00 | 0
     293571 | 0.000000      | 1995-02-23 00:00:00 | 0
     541062 | 0.000000      | 1995-02-23 00:00:00 | 0
      27361 | 0.000000      | 1995-02-23 00:00:00 | 0
     138468 | 0.000000      | 1995-02-23 00:00:00 | 0
     131074 | 0.000000      | 1995-02-23 00:00:00 | 0
     144675 | 0.000000      | 1995-02-23 00:00:00 | 0
      10914 | 0.000000      | 1995-02-23 00:00:00 | 0
     146626 | 0.000000      | 1995-02-24 00:00:00 | 0
     209793 | 0.000000      | 1995-02-24 00:00:00 | 0
     455458 | 0.000000      | 1995-02-24 00:00:00 | 0
     220389 | 0.000000      | 1995-02-25 00:00:00 | 0
      76898 | 0.000000      | 1995-02-25 00:00:00 | 0
     366785 | 0.000000      | 1995-02-25 00:00:00 | 0
     420007 | 0.000000      | 1995-02-25 00:00:00 | 0
     555428 | 0.000000      | 1995-02-25 00:00:00 | 0
     291495 | 0.000000      | 1995-02-25 00:00:00 | 0
      36197 | 0.000000      | 1995-02-25 00:00:00 | 0
     599270 | 0.000000      | 1995-02-26 00:00:00 | 0
     558469 | 0.000000      | 1995-02-26 00:00:00 | 0
     400965 | 0.000000      | 1995-02-26 00:00:00 | 0
     440291 | 0.000000      | 1995-02-26 00:00:00 | 0
     325383 | 0.000000      | 1995-02-26 00:00:00 | 0
     506017 | 0.000000      | 1995-02-27 00:00:00 | 0
     398885 | 0.000000      | 1995-02-27 00:00:00 | 0
     331335 | 0.000000      | 1995-02-27 00:00:00 | 0
     200099 | 0.000000      | 1995-02-27 00:00:00 | 0
     419654 | 0.000000      | 1995-02-27 00:00:00 | 0
     420803 | 0.000000      | 1995-02-27 00:00:00 | 0
     566820 | 0.000000      | 1995-02-27 00:00:00 | 0
     448672 | 0.000000      | 1995-02-27 00:00:00 | 0
      78212 | 0.000000      | 1995-02-27 00:00:00 | 0
     315015 | 0.000000      | 1995-02-28 00:00:00 | 0
     380736 | 0.000000      | 1995-02-28 00:00:00 | 0
     238246 | 0.000000      | 1995-02-28 00:00:00 | 0
     171106 | 0.000000      | 1995-02-28 00:00:00 | 0
     356416 | 0.000000      | 1995-02-28 00:00:00 | 0
     588582 | 0.000000      | 1995-03-01 00:00:00 | 0
     146022 | 0.000000      | 1995-03-01 00:00:00 | 0
     522336 | 0.000000      | 1995-03-01 00:00:00 | 0
     539429 | 0.000000      | 1995-03-01 00:00:00 | 0
     385698 | 0.000000      | 1995-03-01 00:00:00 | 0
     296165 | 0.000000      | 1995-03-01 00:00:00 | 0
      58981 | 0.000000      | 1995-03-01 00:00:00 | 0
     422534 | 0.000000      | 1995-03-01 00:00:00 | 0
     571969 | 0.000000      | 1995-03-01 00:00:00 | 0
     577761 | 0.000000      | 1995-03-01 00:00:00 | 0
     413440 | 0.000000      | 1995-03-01 00:00:00 | 0
     360615 | 0.000000      | 1995-03-01 00:00:00 | 0
      95904 | 0.000000      | 1995-03-02 00:00:00 | 0
     506016 | 0.000000      | 1995-03-02 00:00:00 | 0
     140967 | 0.000000      | 1995-03-02 00:00:00 | 0
      30151 | 0.000000      | 1995-03-02 00:00:00 | 0
     230821 | 0.000000      | 1995-03-02 00:00:00 | 0
     164039 | 0.000000      | 1995-03-02 00:00:00 | 0
     486979 | 0.000000      | 1995-03-02 00:00:00 | 0
     487942 | 0.000000      | 1995-03-02 00:00:00 | 0
     507363 | 0.000000      | 1995-03-02 00:00:00 | 0
      40000 | 0.000000      | 1995-03-02 00:00:00 | 0
     508228 | 0.000000      | 1995-03-02 00:00:00 | 0
      24160 | 0.000000      | 1995-03-02 00:00:00 | 0
     279396 | 0.000000      | 1995-03-02 00:00:00 | 0
     451684 | 0.000000      | 1995-03-02 00:00:00 | 0
     179079 | 0.000000      | 1995-03-02 00:00:00 | 0
     110950 | 0.000000      | 1995-03-02 00:00:00 | 0
     129990 | 0.000000      | 1995-03-02 00:00:00 | 0
     328870 | 0.000000      | 1995-03-03 00:00:00 | 0
     314434 | 0.000000      | 1995-03-03 00:00:00 | 0
     237315 | 0.000000      | 1995-03-03 00:00:00 | 0
     251268 | 0.000000      | 1995-03-03 00:00:00 | 0
      72518 | 0.000000      | 1995-03-03 00:00:00 | 0
     444737 | 0.000000      | 1995-03-03 00:00:00 | 0
     490502 | 0.000000      | 1995-03-03 00:00:00 | 0
     581315 | 0.000000      | 1995-03-03 00:00:00 | 0
     217095 | 0.000000      | 1995-03-03 00:00:00 | 0
      31747 | 0.000000      | 1995-03-03 00:00:00 | 0
     395137 | 0.000000      | 1995-03-04 00:00:00 | 0
     566181 | 0.000000      | 1995-03-04 00:00:00 | 0
      92802 | 0.000000      | 1995-03-04 00:00:00 | 0
     146690 | 0.000000      | 1995-03-04 00:00:00 | 0
     287744 | 0.000000      | 1995-03-04 00:00:00 | 0
     445636 | 0.000000      | 1995-03-04 00:00:00 | 0
     459718 | 0.000000      | 1995-03-04 00:00:00 | 0
     587172 | 0.000000      | 1995-03-05 00:00:00 | 0
     379584 | 0.000000      | 1995-03-05 00:00:00 | 0
     140420 | 0.000000      | 1995-03-05 00:00:00 | 0
     121504 | 0.000000      | 1995-03-05 00:00:00 | 0
     302305 | 0.000000      | 1995-03-05 00:00:00 | 0
     406467 | 0.000000      | 1995-03-05 00:00:00 | 0
     202144 | 0.000000      | 1995-03-05 00:00:00 | 0
     570855 | 0.000000      | 1995-03-05 00:00:00 | 0
     574913 | 0.000000      | 1995-03-05 00:00:00 | 0
     467109 | 0.000000      | 1995-03-06 00:00:00 | 0
     552514 | 0.000000      | 1995-03-06 00:00:00 | 0
     477633 | 0.000000      | 1995-03-06 00:00:00 | 0
      21155 | 0.000000      | 1995-03-06 00:00:00 | 0
     564741 | 0.000000      | 1995-03-06 00:00:00 | 0
     173093 | 0.000000      | 1995-03-06 00:00:00 | 0
      27425 | 0.000000      | 1995-03-07 00:00:00 | 0
      39270 | 0.000000      | 1995-03-07 00:00:00 | 0
     257414 | 0.000000      | 1995-03-07 00:00:00 | 0
     309761 | 0.000000      | 1995-03-07 00:00:00 | 0
     433223 | 0.000000      | 1995-03-07 00:00:00 | 0
      30497 | 0.000000      | 1995-03-07 00:00:00 | 0
     455586 | 0.000000      | 1995-03-07 00:00:00 | 0
     378881 | 0.000000      | 1995-03-07 00:00:00 | 0
     258246 | 0.000000      | 1995-03-08 00:00:00 | 0
     373574 | 0.000000      | 1995-03-08 00:00:00 | 0
     311396 | 0.000000      | 1995-03-08 00:00:00 | 0
     314528 | 0.000000      | 1995-03-08 00:00:00 | 0
     528997 | 0.000000      | 1995-03-08 00:00:00 | 0
     122853 | 0.000000      | 1995-03-08 00:00:00 | 0
     191235 | 0.000000      | 1995-03-09 00:00:00 | 0
     335428 | 0.000000      | 1995-03-10 00:00:00 | 0
     487365 | 0.000000      | 1995-03-10 00:00:00 | 0
     114725 | 0.000000      | 1995-03-10 00:00:00 | 0
     400901 | 0.000000      | 1995-03-10 00:00:00 | 0
     541959 | 0.000000      | 1995-03-10 00:00:00 | 0
     551745 | 0.000000      | 1995-03-10 00:00:00 | 0
     232487 | 0.000000      | 1995-03-11 00:00:00 | 0
     439076 | 0.000000      | 1995-03-11 00:00:00 | 0
     465954 | 0.000000      | 1995-03-11 00:00:00 | 0
     531397 | 0.000000      | 1995-03-11 00:00:00 | 0
     315618 | 0.000000      | 1995-03-11 00:00:00 | 0
     294755 | 0.000000      | 1995-03-12 00:00:00 | 0
     156679 | 0.000000      | 1995-03-12 00:00:00 | 0
     521733 | 0.000000      | 1995-03-12 00:00:00 | 0
     195171 | 0.000000      | 1995-03-12 00:00:00 | 0
     114790 | 0.000000      | 1995-03-13 00:00:00 | 0
     413953 | 0.000000      | 1995-03-13 00:00:00 | 0
     329319 | 0.000000      | 1995-03-13 00:00:00 | 0
      43621 | 0.000000      | 1995-03-13 00:00:00 | 0
      46562 | 0.000000      | 1995-03-13 00:00:00 | 0
     408356 | 0.000000      | 1995-03-13 00:00:00 | 0
     433255 | 0.000000      | 1995-03-13 00:00:00 | 0
     374372 | 0.000000      | 1995-03-13 00:00:00 | 0
     443879 | 0.000000      | 1995-03-13 00:00:00 | 0
     398273 | 0.000000      | 1995-03-13 00:00:00 | 0
     549984 | 0.000000      | 1995-03-13 00:00:00 | 0
     538567 | 0.000000      | 1995-03-13 00:00:00 | 0
     458784 | 0.000000      | 1995-03-13 00:00:00 | 0
     377699 | 0.000000      | 1995-03-14 00:00:00 | 0
       7171 | 0.000000      | 1995-03-14 00:00:00 | 0
     139782 | 0.000000      | 1995-03-14 00:00:00 | 0
     298404 | 0.000000      | 1995-03-14 00:00:00 | 0
     559942 | 0.000000      | 1995-03-14 00:00:00 | 0
     479426 | 0.000000      | 1995-03-14 00:00:00 | 0
     141697 | 0.000000      | 1995-03-14 00:00:00 | 0
     155239 | 0.000000      | 1995-03-14 00:00:00 | 0
      10245 | 0.000000      | 1995-03-14 00:00:00 | 0
     547233 | 0.000000      | 1995-03-14 00:00:00 | 0
(1105 rows)

Time: 140.951 ms
