 enable_debug_mode 
-------------------
                 0
(1 row)

Timing is on.
 c_custkey |       c_name       |    revenue    |   c_acctbal   |     n_name     |                c_address                 |     c_phone     |                                                      c_comment                                                       
-----------+--------------------+---------------+---------------+----------------+------------------------------------------+-----------------+----------------------------------------------------------------------------------------------------------------------
       715 | Customer#000000715 | 119779.000000 | 0.000000      | ROMANIA        | 9qLvF42uxUarKl4I 2pEKOMNJmo8Ro5EK        | 29-500-408-6392 | hins boost quickly. quickly regular epitaphs haggle fluffily quickly bold pinto beans. regular
       602 | Customer#000000602 | 114390.000000 | 0.000000      | JORDAN         | NCryKIpG3W,FDV2                          | 23-434-900-7213 | nstructions. asymptotes above the forges are against the carefully 
       989 | Customer#000000989 | 97477.000000  | 0.000000      | IRAN           | pKuixWbH6XZFJY0uZjGi0oRaH1Xl             | 20-646-819-6827 |  accounts. fluffily regular requests use carefully after the furiously special instructions! slyly
      1441 | Customer#000001441 | 88862.000000  | 1.000000      | UNITED KINGDOM | u0YYZb46w,pwKo5H9vz d6B9zK4BOHhG jx      | 33-681-334-4499 | nts haggle quietly quickly final accounts. slyly regular accounts among the sl
        35 | Customer#000000035 | 87801.000000  | 0.000000      | PERU           | TEjWGE4nBzJL2                            | 27-566-888-7431 | requests. special, express requests nag slyly furiousl
       880 | Customer#000000880 | 80036.000000  | 18199.000000  | INDIA          | ogwHmUUFa1QB69pAoYAAoB0rjbdsVpAQ552e5Q,  | 18-763-990-8618 | regular requests. regular deposits ar
       434 | Customer#000000434 | 75679.000000  | 0.000000      | CANADA         | 6LGAf2hv4MB5MJhfvNsg                     | 13-325-443-1474 | lly final Tiresias. blithely regular ideas nag stealthily about the furiously 
      1168 | Customer#000001168 | 75474.000000  | 1.000000      | PERU           | gmAnpwPPg0LX4                            | 27-608-883-2632 | ses run according to the regular instructions. slyly regular foxes around the furiously ironic theodolites use fl
       959 | Customer#000000959 | 73607.000000  | 0.000000      | EGYPT          | O FdrkZxCx PK                            | 14-546-329-6898 | press accounts wake busily after the furiously final theodolites: fluffily final deposits above the carefully iro
      1192 | Customer#000001192 | 73205.000000  | 6252.000000   | SAUDI ARABIA   | 8DbtM3KloBZ4OO1dRrF99                    | 30-904-936-4914 | efully final packages use. slyly pend
      1036 | Customer#000001036 | 71531.000000  | 0.000000      | INDIA          | fxujgj8DOFO6oKrH                         | 18-791-577-7691 | ins sleep. slyly express platelets cajol
       334 | Customer#000000334 | 70034.000000  | 0.000000      | EGYPT          | OPN1N7t4aQ23TnCpc                        | 14-947-291-5002 | fully busily special ideas. carefully final excuses lose slyly carefully express accounts. even, ironic platelets ar
       184 | Customer#000000184 | 68457.000000  | 0.000000      | VIETNAM        | uoOpBuRr42f1WIqnVYAhxbAA9bkK6HUGpOt      | 31-739-340-5476 | hely according to the furiously unusual accounts. furiously bold platele
      1427 | Customer#000001427 | 66771.000000  | 0.000000      | IRAQ           | dDsmiig0T4oFKaf9ttFeh1etLvSIc9aV1xF2H    | 21-941-208-2485 | es detect accounts. slyly bold theodolites wake ironic, special accounts. instructions cajo
       286 | Customer#000000286 | 66172.000000  | 0.000000      | RUSSIA         | 7 7uVDrpkWuozyEd                         | 32-274-308-4633 | ly special accounts haggle slyly slyly fluffy req
      1129 | Customer#000001129 | 63221.000000  | 1.000000      | INDIA          | OMEqYv,hhyBAObDjIkoPL03BvuSRw02AuDPVoe   | 18-313-585-9420 | pades affix realms. pending courts haggle slowly fluffily final requests. quickly silent deposits are. iro
      1285 | Customer#000001285 | 62755.000000  | 0.000000      | ROMANIA        | 5Hy,ajDzJPtZFeJedRSeLN7XGOJtyUy2FI93     | 29-424-835-1463 | ly bold ideas affix blithely about the slyly even pinto beans. slyly regular multip
      1283 | Customer#000001283 | 59303.000000  | 0.000000      | ALGERIA        | 6JeLWEtDERPB,0KzWB,I6Xs8rJXAC8ryFulW5NPC | 10-203-771-2219 |  blithely daringly final theodolites. foxes ha
       908 | Customer#000000908 | 59072.000000  | 0.000000      | JAPAN          | Fa5bchMKUMsaNKOXAiu9pX  ME               | 22-814-669-9320 | quickly express packages. blithely fina
       965 | Customer#000000965 | 58897.000000  | 0.000000      | BRAZIL         | UigBc,9d1iLtQAVatnWACSDc9mNx0mYl         | 12-893-735-6415 | lly enticing pinto beans haggle requests. evenly express grouch
      1267 | Customer#000001267 | 57937.000000  | 0.000000      | UNITED STATES  | o3dtauyIeWwFRok2whWam0MLjmOdlG1H         | 34-329-328-2500 |  accounts nag fluffily blithely ironic pinto beans. carefully pending deposits dazzle along
       164 | Customer#000000164 | 57866.000000  | 0.000000      | EGYPT          | YDW51PBWLXLnbQlKC                        | 14-565-638-9768 | ironic, special pinto beans. ironic
      1249 | Customer#000001249 | 56855.000000  | 0.000000      | GERMANY        | x9ukZnNiUM5pBPXyE3epagewVQBPZzxGYD6sMH   | 17-866-269-1165 |  the ironic packages sleep carefully express theodolites. even, final deposits across the even deposits nag after t
       967 | Customer#000000967 | 55970.000000  | 50180.000000  | UNITED KINGDOM | xKdAl6HSWvAmptzHgQHX3cMmxZDhfyrMqx       | 33-687-917-3598 | iously quickly silent ideas. blithely pending pinto beans except t
       893 | Customer#000000893 | 55712.000000  | 0.000000      | JORDAN         | W6m7LofOZoik72ku                         | 23-827-724-6816 | ets. ironic instructions nag even, regular courts. slyly iro
        79 | Customer#000000079 | 55137.000000  | 1.000000      | MOROCCO        | n5hH2ftkVRwW8idtD,BmM2                   | 25-147-850-4166 | es. packages haggle furiously. regular, special requests poach after the quickly express ideas. blithely pending re
      1355 | Customer#000001355 | 55121.000000  | 0.000000      | SAUDI ARABIA   | c1r6G98ixzLQkvUV2KphsFwhYvpDo18oToGB     | 30-918-883-1662 | anent dependencies are blithely above the quickly silent escapades. requests sleep. final foxes sleep slyl
       331 | Customer#000000331 | 55019.000000  | 52848.000000  | ETHIOPIA       | Ug e2IBbl,LJuqjNz5XeQV                   | 15-411-430-7917 | r the silent ideas. carefully ironic deposits was carefully above the furiously even excuses. evenly regu
       952 | Customer#000000952 | 54559.000000  | 0.000000      | UNITED STATES  | jg0YsHARdoULvVtP2vGHLVoAfWKFNz6QdTeAi    | 34-527-524-9172 | slyly regular ideas. even theodolite
      1025 | Customer#000001025 | 53439.000000  | 0.000000      | INDIA          | 3T2A1uo8mCqTeO LTW8atjLBLO12nh6lyl       | 18-588-456-4616 | to beans sleep according to the fluffily regular instructions. 
       256 | Customer#000000256 | 52848.000000  | 0.000000      | IRAN           | eJ6AggYh80JMEzZNwYK4CIC2flT              | 20-229-271-4429 | ld boost about the carefully ironic foxes. slyly special packages cajole alongside of the slyly final accounts. q
      1045 | Customer#000001045 | 50238.000000  | 0.000000      | SAUDI ARABIA   | clvGUnQPLbzX 23hemPp24WS1MEtS4z          | 30-120-992-2121 | r deposits cajole blithely along the quickly silent pattern
       646 | Customer#000000646 | 50180.000000  | 1.000000      | BRAZIL         | gogI8kweD 2H6U,01lbIp0UWUwljSue,KRcC     | 12-177-329-4316 | ptotes. silent requests cajole fluffily along the slyly permanent ideas. pending instr
      1040 | Customer#000001040 | 48432.000000  | 0.000000      | IRAQ           | vbJmdHe6U9Pl                             | 21-756-109-1482 | old requests wake slyly! slyly special deposits cajole above the unusua
       472 | Customer#000000472 | 47784.000000  | 0.000000      | JAPAN          | hWgfnsmTAEOx9Mqp87YwztGrgLLqNkjMPh4      | 22-940-478-1933 | deas sleep slyly blithely final foxes. slyly final e
       418 | Customer#000000418 | 46801.000000  | 0.000000      | ETHIOPIA       | ,e0q82drO rgVHXHrJRQ0GDrRoUOl            | 15-826-508-1218 | d foxes against the furiously special packages snooze blithely quickly 
      1489 | Customer#000001489 | 46526.000000  | 0.000000      | INDONESIA      | yM8biIU5IFKHODCGTCwdkUf                  | 19-906-669-4354 | ckages play carefully? permanently regular pinto beans
       505 | Customer#000000505 | 46425.000000  | 0.000000      | BRAZIL         | MAUkwAyEvg61RlCMomspMs0WzYa,Ns           | 12-530-647-8313 | mptotes haggle around the theodolites. furiously bold accounts detect quickly packages. special pinto beans 
       949 | Customer#000000949 | 45711.000000  | 0.000000      | BRAZIL         | tOBbBIfhWM lNI3YxTYH8Or8Ki               | 12-391-316-1861 | pecial, pending dolphins. slyly final ideas boost quickly. carefull
      1226 | Customer#000001226 | 45336.000000  | 14667.000000  | ALGERIA        | HKR1zog fXW                              | 10-251-221-9440 | ns. furiously pending packages hinder special accounts. sl
      1258 | Customer#000001258 | 45172.000000  | 1.000000      | CANADA         | zK3TKgKVuFCBdjt                          | 13-727-588-7092 | ove the carefully ironic asymptotes. quickly final Tiresias wake regular packages. s
      1459 | Customer#000001459 | 44786.000000  | 0.000000      | IRAQ           | 2sPwjFNEFf9dN4az                         | 21-424-586-6295 | ounts use blithely. blithely pending packages use ironic deposits. final accounts boost slyly. care
       776 | Customer#000000776 | 43694.000000  | 2180.000000   | MOROCCO        | rzhIStRHsiWoc6K,7yv3YMqVdrz              | 25-941-650-8313 |  express accounts. furiously ironic theodolites serve blithely. blithely thin packages are among the eve
       355 | Customer#000000355 | 43270.000000  | 0.000000      | KENYA          | 205r3Xg9ZWjPZNX1z                        | 24-656-787-6091 | ly bold requests detect furiously. unusual instructions sleep aft
       743 | Customer#000000743 | 42444.000000  | 0.000000      | SAUDI ARABIA   | WJ  lVLsFSgZJCHHLqwRmvCjWvYlCs0c2TvO     | 30-743-559-7934 | ptotes. furiously even accounts haggle slyly. ironic foxes sl
       226 | Customer#000000226 | 42137.000000  | 0.000000      | CANADA         | ToEmqB90fM TkLqyEgX8MJ8T8NkK             | 13-452-318-7709 | ic packages. ideas cajole furiously slyly special theodolites: carefully express pinto beans acco
      1219 | Customer#000001219 | 39058.000000  | 0.000000      | EGYPT          | kP1xK5be a8tW5JRSq0nwJWgKbO              | 14-364-661-8744 |  the quickly even packages wake fur
       755 | Customer#000000755 | 38536.000000  | 0.000000      | MOZAMBIQUE     | F2YYbRT2EV                               | 26-395-247-2207 | xpress instructions breach; pending request
       550 | Customer#000000550 | 38282.000000  | 0.000000      | PERU           | q5 gKwc7PBQOyd,H                         | 27-938-997-6262 | ully regular deposits. slyly ironic requests wake along the depos
       745 | Customer#000000745 | 37215.000000  | 0.000000      | CHINA          | vjuHvDKdaomsivy l                        | 28-913-438-9403 | o beans. bold, regular theodolites haggle carefully about the quickl
       800 | Customer#000000800 | 37167.000000  | 0.000000      | KENYA          | mpI6pkdnWLZsBbQi4,uUC5Y3TcM9vmRIgZelrQ   | 24-555-630-2261 | ly alongside of the carefully ironic deposits. blithely ironic packages are blithely agains
      1453 | Customer#000001453 | 36008.000000  | 0.000000      | ALGERIA        | FTfWkW1 8jVgOIIR9sMm2HpohiuR1v2278       | 10-852-397-3642 |  to wake above the blithely regular foxes. d
       599 | Customer#000000599 | 35312.000000  | 67216.000000  | EGYPT          | fIvpza0tlXAVjOAPkWN5,DiU0DO4e5NkfgOlXpDI | 14-916-825-6916 | thely even requests wake carefully regular theodolites. instructions haggle alongside of the f
       850 | Customer#000000850 | 35005.000000  | 0.000000      | RUSSIA         | GdhPVh9rkPqSt v17ZuxIlx8c1N8G            | 32-546-203-4000 | ly ironic accounts whithout the regular waters are blithely abo
       449 | Customer#000000449 | 33437.000000  | 0.000000      | EGYPT          | DiUXazp8EYcJFsX2a7nciEpo9W5BRB4iqdb9HWL  | 14-893-381-6454 | posits boost slyly carefully regular requests. final, bold fo
       625 | Customer#000000625 | 33173.000000  | 0.000000      | JORDAN         | uvgDE6eQ2bJp4BkHyVdpYYC8                 | 23-789-801-2873 | , pending deposits. sly theodolites along the carefully unusual
      1342 | Customer#000001342 | 33035.000000  | 1.000000      | MOZAMBIQUE     | FD6UNqfsYMKkf3ZFZdI4EaYMZ                | 26-340-733-2096 | y around the final, special foxes. 
       227 | Customer#000000227 | 33028.000000  | 0.000000      | JORDAN         | 7wlpEBswtXBPNODASgCUt8OZQ                | 23-951-816-2439 | lar, ironic pinto beans use! quickly regular theodolites maintain slyly pending pac
       593 | Customer#000000593 | 31921.000000  | 0.000000      | INDONESIA      | SYyEL2nytJXBbFemMseCiivA32USVEDbvGzZS    | 19-621-217-1535 | ve the regular, ironic deposits. requests along the special, regular theodolites lose furi
       682 | Customer#000000682 | 31252.000000  | 30545.000000  | MOROCCO        | y5J0HJVI6Mb k4rXTAPbxE9aw                | 25-233-924-7389 | he bold, even accounts breach
       484 | Customer#000000484 | 30545.000000  | 0.000000      | SAUDI ARABIA   | ismzlUzrqRMRGWmCEUUjkBsi                 | 30-777-953-8902 | y against the express, even packages. blithely pending pearls haggle furiously above the fur
      1246 | Customer#000001246 | 30376.000000  | 0.000000      | EGYPT          | acguUq5BISzqjHB7Bt                       | 14-882-141-9354 | haggle furiously. blithely regular patterns sleep quickly slyly even
       778 | Customer#000000778 | 29291.000000  | 36102.000000  | UNITED KINGDOM | tCuRA2W9y5iiGrcT7a4TzK                   | 33-702-179-3134 | hely ironic instructions. regular, ironic requests affix along the carefully 
       883 | Customer#000000883 | 28624.000000  | 35312.000000  | CANADA         | qVQ8rWNU5KZYDcS                          | 13-526-239-6950 | uctions are carefully across the regular, regular asymptote
      1004 | Customer#000001004 | 27921.000000  | 0.000000      | INDIA          | mBaNGEJoY2tgXD60V2DEO ajjoM3Zd,Jp        | 18-676-152-4849 | ainst the ideas nag fluffily according to 
       322 | Customer#000000322 | 27370.000000  | 46225.000000  | SAUDI ARABIA   | bWRyCyjH5OfGX                            | 30-660-202-7517 | usual sauternes are among the slyly even instructions! thinly regular 
       481 | Customer#000000481 | 26289.000000  | 0.000000      | VIETNAM        | o4xa7J20NqHM8E0ykH,NKe1gPz04OqIn         | 31-363-392-6461 | s can nag slyly instructions. regular, regular asymptotes haggle sly
      1486 | Customer#000001486 | 23019.000000  | 0.000000      | UNITED STATES  | 7A2MhrNtsA                               | 34-559-605-2237 | lithely ironic dependencies haggle quickly b
       106 | Customer#000000106 | 21208.000000  | 0.000000      | ARGENTINA      | xGCOEAUjUNG                              | 11-751-989-4627 | lose slyly. ironic accounts along the evenly regular theodolites wake about the special, final gifts. 
      1082 | Customer#000001082 | 20256.000000  | 1.000000      | ETHIOPIA       | vMX52A1zqDbGNzjfSzgsxSVU0GU6iFmrgiUE     | 15-646-384-2302 | ly. blithely final packages wake silent ideas. express, special theodo
       913 | Customer#000000913 | 19975.000000  | 0.000000      | KENYA          | aohNRUjsMbBNE1Ax                         | 24-500-946-3315 | y blithely final dugouts. accounts wake accounts. asymptotes above the even 
         1 | Customer#000000001 | 19554.000000  | 0.000000      | MOROCCO        | IVhzIApeRb ot,c,E                        | 25-989-741-2988 | to the even, regular platelets. regular, ironic epitaphs nag e
      1420 | Customer#000001420 | 18962.000000  | 0.000000      | INDONESIA      | mjkRUOEzdCWpNdpp5PKOObMmhpufeNGnO1VFdbpK | 19-433-305-7356 | the instructions cajole carefully. slyly final requests nag carefully ac
       130 | Customer#000000130 | 18440.000000  | 0.000000      | INDONESIA      | RKPx2OfZy0Vn 8wGWZ7F2EAvmMORl1k8iH       | 19-190-993-9281 | ix slowly. express packages along the furiously ironic requests integrate daringly deposits. fur
       251 | Customer#000000251 | 18369.000000  | 0.000000      | JORDAN         | Z9fdQmv07C3k hxwt9nchhuQiqC4wox85se8EW7L | 23-975-623-5949 | fully blithely regular requests. fluffily even dugouts detect furiously final ideas. sometimes ironic depos
       491 | Customer#000000491 | 17995.000000  | 0.000000      | ALGERIA        | r3zPOuenxHl0oqInxWlEyLP1ZH               | 10-856-259-7548 |  slyly special requests hang dogged, express epitaphs.
       121 | Customer#000000121 | 17546.000000  | 0.000000      | PERU           | tv nCR2YKupGN73mQudO                     | 27-411-990-2959 | uriously stealthy ideas. carefully final courts use carefully
       820 | Customer#000000820 | 17519.000000  | 0.000000      | EGYPT          | xsYy3Nu7RhNYyBqL8dD0fONh                 | 14-993-368-5047 | g, final ideas. slyly ironic packages dazz
      1418 | Customer#000001418 | 16930.000000  | 0.000000      | PERU           | S5uBtE hDxHcHunowPDXKSxP3csMFnhYt        | 27-773-818-3164 | ggle quickly blithely thin excuses. final, even accounts integrate slyly. carefully pending account
       427 | Customer#000000427 | 16793.000000  | 0.000000      | BRAZIL         | LHzXa71U2AGqfbqj1yYYqw2MEXq99dWmY        | 12-124-309-3821 | y even multipliers according to the regu
      1130 | Customer#000001130 | 15826.000000  | 42444.000000  | RUSSIA         | 60zzrBpFXjvHzyv0WObH3h8LhYbOaRID58e      | 32-503-721-8203 | s requests nag silently carefully special warhorses. special accounts hinder slyly. fluffily enticing
       536 | Customer#000000536 | 15438.000000  | 0.000000      | JAPAN          | jf8PSOQDvqQj4uF8                         | 22-521-348-9030 | tes? blithely enticing theodolites wake. braids sleep. sly
      1396 | Customer#000001396 | 14811.000000  | 0.000000      | CANADA         | M4dHuyrttFfeBr                           | 13-523-516-9742 |  the even theodolites integrate fluffily regular dolphins. blithely 
       806 | Customer#000000806 | 14667.000000  | 0.000000      | JAPAN          | FTM62Dujm2BoblKFY w                      | 22-888-883-2475 | the carefully regular accounts breach above 
      1150 | Customer#000001150 | 14351.000000  | 0.000000      | VIETNAM        | fUJqzdkQg1                               | 31-236-665-8430 | usly final dolphins. fluffily bold platelets sleep. slyly unusual attainments lo
       940 | Customer#000000940 | 13863.000000  | 0.000000      | ROMANIA        | T7ROXBXdajS,vkwy3VuC8wNvA                | 29-958-573-1004 | ent accounts. slyly even accounts breach across the dolphins. quickly regular pains dazzle carefully. sl
       604 | Customer#000000604 | 13144.000000  | 0.000000      | VIETNAM        | qCQsFELZ3W hlmi,zOHBcZGo0PZl3jbFu1jsijqE | 31-757-951-9827 | le furiously express instructions. ideas hag
       341 | Customer#000000341 | 11751.000000  | 0.000000      | INDONESIA      | 4,zQfld2YV9TSeNgCSOvqlxhJvVW8WD          | 19-870-813-8585 | low, special platelets alongside of the even, bold theodolites are carefully 
      1460 | Customer#000001460 | 11478.000000  | 0.000000      | SAUDI ARABIA   | AEgBZGLmuMqe7Gqh1                        | 30-151-388-7118 | accounts. ironic packages cajole furiously; quickly pending requests lose quickly carefully bold deposits. 
      1015 | Customer#000001015 | 11334.000000  | 0.000000      | IRAN           | RDJWEmcAk4GC8OT8WCsXB                    | 20-134-926-5391 | g courts nag daringly brave pains. blithely special deposits use blithely carefully c
       433 | Customer#000000433 | 10949.000000  | 0.000000      | SAUDI ARABIA   | 7XFuE4 euQR0w                            | 30-659-445-3595 | sual ideas affix carefully always regular accou
       644 | Customer#000000644 | 9830.000000   | 0.000000      | CHINA          | bfZrdZE0QHtMc,ksudO                      | 28-489-845-4801 | ke slyly alongside of the silent, even req
      1378 | Customer#000001378 | 8982.000000   | 0.000000      | PERU           | zDULZOX6KrHF6aL1AMsIg0Ivv4Crz            | 27-806-173-2824 | ges haggle slyly alongside of the furiously final excuses. carefully regular foxes boost across the regular, ex
        43 | Customer#000000043 | 8345.000000   | 0.000000      | ROMANIA        | ouSbjHk8lh5fKX3zGso3ZSIj9Aa3PoaFd        | 29-316-665-2897 | ial requests: carefully pending foxes detect quickly. carefully final courts cajole quickly. carefully
      1057 | Customer#000001057 | 8336.000000   | 0.000000      | UNITED STATES  | xyV8 FbW4xS,JhkxC0dY527tzcMKxM           | 34-750-735-1314 | s. furiously ironic deposits against the carefully bold accounts wake carefully even deposits. fluffily even
      1336 | Customer#000001336 | 7471.000000   | 0.000000      | MOZAMBIQUE     | E4MeTLnSTIOlWkLDwmG7QPf 9Dq              | 26-350-110-5043 | ts after the deposits are quickly deposits! blithely regular theodolites integrate above the slyly pending 
      1210 | Customer#000001210 | 7288.000000   | 0.000000      | MOZAMBIQUE     | bUTLW1KIHzzQkuOEwUMwEGCQfTQM7aBmUM0      | 26-202-315-9048 | luffily ironic accounts haggle about the regular theod
       731 | Customer#000000731 | 7072.000000   | 0.000000      | GERMANY        | D0ceqTVRO3EctrC                          | 17-731-915-9753 | lar dolphins are carefully slyly final theodolites. unusual accounts integrate across the regular, final deposit
       785 | Customer#000000785 | 6252.000000   | 0.000000      | CHINA          | gEkI8kSq8RYgO6tiTA0AB7urZX8s2w03JGwtMi9  | 28-808-670-2983 | nal theodolites. dogged, ironic deposits wake carefully. slyly regular requests after the furiously ironic 
        41 | Customer#000000041 | 2865.000000   | 0.000000      | IRAN           | IM9mzmyoxeBmvNw8lA7G3Ydska2nkZF          | 20-917-711-4011 | ly regular accounts hang bold, silent packages. unusual foxes haggle slyly above the special, final depo
      1360 | Customer#000001360 | 2398.000000   | 0.000000      | ROMANIA        | xeaT6W6D569UKCKU86iK9b6aUanlra           | 29-574-552-4018 | nt packages affix quickly furiously regular foxes; quickly 
      1060 | Customer#000001060 | 1052.000000   | 0.000000      | INDIA          | aWJkU6JJJOvgaKPOAJJc                     | 18-290-794-6133 | ter the bold, regular ideas! deposits eat. daringly unusual theodolites sleep alongside of the regular, fina
       548 | Customer#000000548 | 0.000000      | 0.000000      | EGYPT          | 98nP31ToAGK tCCkYm7HqBZt0dLjy0JzlMMRCmkj | 14-787-370-8722 | c pinto beans. quickly even requests haggle against the blithel
       556 | Customer#000000556 | 0.000000      | 0.000000      | ARGENTINA      | UMHllVkuyQUQ3aLXCVRxrXatsyd0AL6Xw        | 11-934-412-5846 | nt excuses! carefully final requests solve quick
       563 | Customer#000000563 | 0.000000      | 0.000000      | JAPAN          | 2RSC1g7cVd,j23HusdkhdCGmiiE              | 22-544-152-1215 |  pinto beans believe fluffily. excuses wake blithely silent requests. b
       568 | Customer#000000568 | 0.000000      | 0.000000      | JORDAN         | ZddVCnzeABTTBgV3GvkvNtw9,KOHHpME2GELhz   | 23-603-795-8611 | gular decoys haggle slyly. blithely special packages slee
       571 | Customer#000000571 | 0.000000      | 0.000000      | BRAZIL         | hCrDDrMzGhsa6,5K4rGXQ                    | 12-115-414-4819 | le fluffily. ironic, pending accounts poach quickly iron
       577 | Customer#000000577 | 0.000000      | 0.000000      | KENYA          | a73SSq2cip7C8nSzdmmscpZyLCZ7KL           | 24-662-826-1317 | int furiously. slyly express pin
       581 | Customer#000000581 | 0.000000      | 16793.000000  | UNITED STATES  | s9SoN9XeVuCri                            | 34-415-978-2518 | ns. quickly regular pinto beans must sleep fluffily 
       583 | Customer#000000583 | 0.000000      | 0.000000      | JORDAN         | V3i6Gu9,LZtvdnNppXnI2eKQFx0b36WvL,F      | 23-234-625-4041 |  haggle. regular, regular accounts hinder carefully i
       584 | Customer#000000584 | 0.000000      | 0.000000      | MOROCCO        | jebKvptmHtS9,YE1qOjl2AOw38P,8skngJZh     | 25-352-778-1041 | ages boost regular deposits. blithely stealthy depo
       598 | Customer#000000598 | 0.000000      | 1.000000      | INDONESIA      | 9ICLFWFZa6                               | 19-113-384-3847 | es. furiously pending packages haggle fluffily carefully silent foxes. carefully unusual dependencies boost fu
       601 | Customer#000000601 | 0.000000      | 0.000000      | ARGENTINA      | P3 Dv,6yllTNmL9yt6NUZZPZjvM2coWJd        | 11-104-635-9839 | ly according to the unusual foxes. carefully ironic accounts haggle accounts-- regular dolphins will integ
       607 | Customer#000000607 | 0.000000      | 0.000000      | UNITED STATES  | m61hvYPASIGmNJx7Tu                       | 34-601-151-4029 | ymptotes. blithely bold requests shall are about the furiously final platelets.
       610 | Customer#000000610 | 0.000000      | 0.000000      | IRAQ           | Fo8RfPq1kgzD 0                           | 21-782-663-7023 | uriously final deposits against the deposits detect alongsi
       623 | Customer#000000623 | 0.000000      | 0.000000      | INDONESIA      | HXiFb9oWlgqZXrJPUCEJ6zZIPxAM4m6          | 19-113-202-7085 |  requests. dolphins above the busily regular dependencies cajole after
       626 | Customer#000000626 | 0.000000      | 0.000000      | ETHIOPIA       | PDeE61VY2Q96efuewIZ                      | 15-540-121-5663 | t brave foxes. slyly pending packages wake furiously along the deposits. carefully pendin
       637 | Customer#000000637 | 0.000000      | 0.000000      | GERMANY        | Ey7g4q2oH Q1vs                           | 17-983-923-8985 | ly furiously even accounts: final, unusual Tiresias do snooze theodolites. slyly regular dependenci
       643 | Customer#000000643 | 0.000000      | 0.000000      | ALGERIA        | 9T 2avhfyF PQ                            | 10-978-597-2747 | fily along the quickly ironic ideas. final, final
       655 | Customer#000000655 | 0.000000      | 0.000000      | KENYA          | SceikyyffYL5OUI8rFnAgrT5E                | 24-916-820-5158 | e accounts. unusual, pending platelets are quickly. req
       658 | Customer#000000658 | 0.000000      | 0.000000      | ARGENTINA      | 9SboxGtXimmJg49IyT3Zt                    | 11-675-750-9832 | r ideas about the slyly ironic theodolites integrate according to 
       661 | Customer#000000661 | 0.000000      | 0.000000      | EGYPT          | 1MqWuuRVM5y5NlT1kakwke                   | 14-983-203-6472 |  regular theodolites. brave platelets
       667 | Customer#000000667 | 0.000000      | 0.000000      | FRANCE         | oQqeEC,OD9XC1JXyOsHqcpv0fPUdP9ek5KKb70tQ | 16-917-453-2490 | lithely about the furiously sil
       668 | Customer#000000668 | 0.000000      | 0.000000      | MOROCCO        | PCmw0r6KkLjXZsljablJ                     | 25-582-501-2346 | uffy excuses are carefully regular, ironic pinto
       671 | Customer#000000671 | 0.000000      | 0.000000      | VIETNAM        | ic6qGrt0giB,HDEiBK,,FYGHXQpc             | 31-593-213-9388 | bold ideas above the ironic packages affix blithely about the furiou
       676 | Customer#000000676 | 0.000000      | 21136.000000  | UNITED STATES  | JzJnD kA3KTjTYl                          | 34-710-820-8362 | es. slyly even theodolites across the slyly ironic accounts nag from the slyly even accounts. accounts are. 
       679 | Customer#000000679 | 0.000000      | 30545.000000  | IRAN           | IJf1FlZL9I9m,rvofcoKy5pRUOjUQV           | 20-146-696-9508 | ely pending frays boost carefully
       686 | Customer#000000686 | 0.000000      | 0.000000      | FRANCE         | 1j C80VWHe ITCVCV                        | 16-682-293-3599 |  even deposits print quickly. foxes wake. furiously ironic asymptotes across the bold foxes
       689 | Customer#000000689 | 0.000000      | 0.000000      | UNITED STATES  | Gcie9Q,Wc6J0QvKcefqflajjOtOVchnxqBn9     | 34-325-146-3591 | ions. furiously unusual platelets cajole blithely. caref
       691 | Customer#000000691 | 0.000000      | 17995.000000  | MOZAMBIQUE     | 0RkDX6OLU1hISYCLmdLD C                   | 26-741-688-4189 | p. ironic, regular foxes against the ironic, special theodolites nod carefully quietly unusu
       697 | Customer#000000697 | 0.000000      | 0.000000      | EGYPT          | LFwdGCTUYDenZGoA9                        | 14-613-651-2263 | he regular pinto beans. courts cajole carefully according to the blithely even theodolites. quickly
       700 | Customer#000000700 | 0.000000      | 0.000000      | ALGERIA        | zyWvi,SGc,tXTls                          | 10-351-119-7514 |  bold excuses. furiously even asymptotes across the carefully regular dugouts cajole fur
       701 | Customer#000000701 | 0.000000      | 0.000000      | BRAZIL         | yQU8LcjocNHkk1hse30M0U1f46MrU6dB         | 12-323-784-5793 | c packages. blithely final instructions according to the regular pinto beans
       703 | Customer#000000703 | 0.000000      | 0.000000      | FRANCE         | ge1GEYt4ewGUiSeqBA4rNB5JhyQ92uKF         | 16-741-513-6919 | arefully final accounts cajole quickly blith
       706 | Customer#000000706 | 0.000000      | 0.000000      | ROMANIA        | ycxysGDuWHN98FS4lZ2obT9ZPNRWjJTsHbQXvi   | 29-468-275-6045 | ses cajole furiously after the ironic requests. pinto beans sleep busi
       712 | Customer#000000712 | 0.000000      | 0.000000      | FRANCE         |  8w2pIiA4wWAhtjAdXR                      | 16-843-486-5087 |  express dependencies use fluffily final platelets. furiously regular accounts wake furiously. carefully careful cou
       719 | Customer#000000719 | 0.000000      | 0.000000      | MOROCCO        | wry Gj3xd8QX ylUCulG                     | 25-498-699-7824 | gly express pinto beans sleep furiously around the quick foxes.
       721 | Customer#000000721 | 0.000000      | 0.000000      | VIETNAM        | N6hr4gV9EkPBuE3Ayu                       | 31-174-552-2949 | ar instructions. packages haggle stealthily ironic deposits. even platelets detect quickly. even sheaves along
       722 | Customer#000000722 | 0.000000      | 0.000000      | SAUDI ARABIA   | aymiuXFyrALTRIzfbLDvtaj37ydq             | 30-633-109-9587 | leep sometimes express accounts. regular theodolites wake quickly ab
       727 | Customer#000000727 | 0.000000      | 0.000000      | CHINA          | wLIX8hKnk0qjUAAGqm                       | 28-815-316-3525 |  requests-- quickly regular pinto beans need to detect 
       730 | Customer#000000730 | 0.000000      | 0.000000      | BRAZIL         | ORP6ofUwyD1                              | 12-513-973-2702 | foxes would cajole furiously slyly special forges; slyly regular pinto beans inste
       734 | Customer#000000734 | 0.000000      | 0.000000      | CHINA          | xULRxhbfzPT5nBh                          | 28-880-175-5173 | tions against the ideas haggle furiously quickly regular forges. carefully final requests solve even,
       736 | Customer#000000736 | 0.000000      | 1.000000      | ARGENTINA      | zQNs5e2aFcVY8MigFQEBtoCaQ9e              | 11-617-726-2039 |  the deposits. blithely regular asymptotes boost q
       746 | Customer#000000746 | 0.000000      | 0.000000      | SAUDI ARABIA   | JOKj8N2QKUm8Gi,F4qX0fLVy                 | 30-154-354-9928 |  final theodolites. final pinto beans haggle-- furiously 
       749 | Customer#000000749 | 0.000000      | 0.000000      | UNITED STATES  | U1Dvu0r793a                              | 34-158-697-9591 | accounts was. final, final requests wake. theodolites was slyly. blithely even foxes wake carefully ac
       751 | Customer#000000751 | 0.000000      | 0.000000      | ALGERIA        | e OSrreG6sx7l1t3wAg8u11DWk D 9           | 10-658-550-2257 | ges sleep furiously bold deposits. furiously regular requests cajole slyly. unusual accounts nag unusual ide
       770 | Customer#000000770 | 0.000000      | 0.000000      | INDIA          | IjwJR6TjBJZbKIeouH2d                     | 18-856-112-5677 | dolites haggle express, express requests. furiou
       787 | Customer#000000787 | 0.000000      | 0.000000      | IRAN           | wwPe2vMZZ1n1Mm2z0qzDfS43FPj2Ndn          | 20-210-617-3870 | e. ironic theodolites serve regular foxes. pending requests haggle slyly busy instruct
       788 | Customer#000000788 | 0.000000      | 0.000000      | MOZAMBIQUE     | LbFHoDpNUSu3AyDS7KLgjoQBJV               | 26-388-689-9272 | . unusual packages against the 
       790 | Customer#000000790 | 0.000000      | 0.000000      | ALGERIA        | CR bzmYYVP                               | 10-368-832-9671 | riously final requests haggle to the blithely special requests. blithely pending gifts after the carefully silent id
       791 | Customer#000000791 | 0.000000      | 0.000000      | JORDAN         | 3ZWQ5xexnnLDEmxpmbg                      | 23-575-775-4059 | posits cajole carefully along the slyly final packages
       794 | Customer#000000794 | 0.000000      | 0.000000      | UNITED KINGDOM | RMY8 LyGnJ67NGc5cxPYiIDSF                | 33-633-470-5945 | gular patterns cajole slyly blithely final ideas? furiously unusual courts wake among 
       805 | Customer#000000805 | 0.000000      | 0.000000      | IRAN           | wCKx5zcHvwpSffyc9qfi9dvqcm9LT,cLAG       | 20-732-989-5653 | busy sentiments. pending packages haggle among the express requests-- slyly regular excuses above the slyl
       808 | Customer#000000808 | 0.000000      | 0.000000      | ROMANIA        | S2WkSKCGtnbhcFOp6MWcuB3rzFlFemVNrg       | 29-531-319-7726 |  unusual deposits. furiously even packages against the furiously even ac
       811 | Customer#000000811 | 0.000000      | 0.000000      | MOROCCO        | Rau3ADOLCNXM42D6fjQTFuueQce2BHw9r        | 25-575-731-2159 | kly pending foxes dazzle fluffily after the furiously bold packages. fluffy
       814 | Customer#000000814 | 0.000000      | 0.000000      | MOROCCO        | KmMC1nd5iOXTRlhzMu13Wtx                  | 25-342-269-3824 | yly at the blithely regular excuses. carefully thin pinto beans boost slyly furiously regu
       817 | Customer#000000817 | 0.000000      | 0.000000      | ALGERIA        | jDJt0Wfk0,Wcx5HOI5itS XqUJmMpjzJ         | 10-566-341-4382 | y against the carefully special patterns. unusual accounts sleep quickly final instructions. 
       818 | Customer#000000818 | 0.000000      | 0.000000      | SAUDI ARABIA   | CvQvKClYoh9lPjMngrjbCoxqqnp2QFiTe8eF     | 30-943-141-5174 | yly. blithely final platelets haggle regular, regular ideas: furiously r
       826 | Customer#000000826 | 0.000000      | 0.000000      | JORDAN         | f5Y UZoE nR                              | 23-762-328-7631 | usly final dinos. final depths wake slyly across the final, bold requests. bl
       830 | Customer#000000830 | 0.000000      | 0.000000      | UNITED KINGDOM | 4fNmWCmfys1jUI                           | 33-408-548-6806 | ironic packages integrate alo
       832 | Customer#000000832 | 0.000000      | 0.000000      | ROMANIA        | eNIy9PatAWlh0                            | 29-264-864-8387 | the special ideas. finally ironic accounts doubt. slyly regular ideas
       835 | Customer#000000835 | 0.000000      | 0.000000      | VIETNAM        | Sjqs42jh111                              | 31-700-242-6347 | gside of the furiously final packages wake quiet, permanent accounts. unusual packages into the unusual, ironic req
       836 | Customer#000000836 | 0.000000      | 0.000000      | JAPAN          | rayz3tXswDbL4hyIr5SMrEIOTqvmok48e        | 22-181-313-6281 | press deposits-- fluffily express accounts cajole carefully according to the daringly even deposits-- furi
       842 | Customer#000000842 | 0.000000      | 0.000000      | ALGERIA        | stRBRwdFCkdN                             | 10-272-126-1413 |  silent pinto beans. bold, pending platelets sleep furiously express theodolites. fluffily express reque
       854 | Customer#000000854 | 0.000000      | 0.000000      | ALGERIA        | flSR,SlEXwxrDcm3uedfK1Oiq,c9mZI          | 10-544-967-2382 | t slyly after the furiously even escapades. carefully regular pa
       862 | Customer#000000862 | 0.000000      | 0.000000      | BRAZIL         | zkaZ,iOp8t9MBK9T,JIPGL5hmBmK,xjkjHEP     | 12-479-479-6941 | yly regular foxes sleep. quickly ironic foxes use furiously express deposits! carefully regular
       863 | Customer#000000863 | 0.000000      | 31921.000000  | CANADA         |  oaBBxuQLKPawG1yqOc7cyVhOezCy            | 13-801-392-5922 | d accounts detect. bold pinto beans against the slyly ironic
       869 | Customer#000000869 | 0.000000      | 0.000000      | BRAZIL         | PDGU7BXDNXAo0vmo7QtDm,yCMVcD             | 12-379-344-7132 | . final packages wake slyly? blithely even deposits haggle carefully regular packages. unusual requests
       889 | Customer#000000889 | 0.000000      | 63336.000000  | JORDAN         | pLvfd7drswfAcH8oh2seEct                  | 23-625-369-6714 | inal ideas. slowly pending frays are. fluff
       890 | Customer#000000890 | 0.000000      | 1.000000      | EGYPT          | rvsLCrRX9z,IPaaF9kqwvLLxueobbPiH4pz      | 14-938-708-4678 | ironic accounts cajole ruthlessly above the carefully pending accounts. quickly regular theodolites cajole. iro
       895 | Customer#000000895 | 0.000000      | 1.000000      | ALGERIA        | MDaJr8ekGTS79bS7CH8f1WgWPU               | 10-933-819-2037 | ggle final packages. slyly regular instructions affix fur
       901 | Customer#000000901 | 0.000000      | 0.000000      | JAPAN          | QUyXt94YM6Ou6rDqK                        | 22-202-667-4372 |  foxes maintain. theodolites sleep above the regular deposits. slyly bold excuses boost careful
       907 | Customer#000000907 | 0.000000      | 0.000000      | IRAN           | UeVLwnnpccsG1pbQmN7pzD                   | 20-501-816-7673 | sits haggle quickly above the excuses. slyly ironic packages print furiously. carefully pending reques
       919 | Customer#000000919 | 0.000000      | 33173.000000  | INDONESIA      | cHGtsqVvXRiK                             | 19-537-180-2200 | lar instructions. blithely final deposits haggle furiously bold pinto bean
       922 | Customer#000000922 | 0.000000      | 0.000000      | GERMANY        | Az9RFaut7NkPnc5zSD2PwHgVwr4jRzq          | 17-945-916-9648 | luffily fluffy deposits. packages c
       923 | Customer#000000923 | 0.000000      | 0.000000      | IRAQ           | ckBLWkfYtn2VZXWWqUGbDgbP                 | 21-476-142-5086 | s. furiously express depths boost. regular requests boost furiously. even, unusual deposits cajole blithely. expre
       925 | Customer#000000925 | 0.000000      | 0.000000      | IRAN           | jn Razhw70hWtHN4iRBWsf1UmrFUPn36Ni562ex  | 20-753-609-6699 | ironic accounts cajole carefully. even, expre
       935 | Customer#000000935 | 0.000000      | 0.000000      | ALGERIA        | XkVT4jvetY4JV76IAkd91sSp9CqsICE          | 10-724-445-8323 |  furiously pending ideas. daringly 
       947 | Customer#000000947 | 0.000000      | 0.000000      | RUSSIA         | JnzDRxqCwjRPyeq70wrxzKWLXI               | 32-838-393-6825 |  blithely final instructions grow furiously ironic requests. furiously special theodolites sleep after 
       955 | Customer#000000955 | 0.000000      | 1.000000      | ALGERIA        | FIis0dJhR5DwVCLy                         | 10-918-863-8880 | ts cajole quickly according to the pending, unusual dolphins. special, ironic c
       970 | Customer#000000970 | 0.000000      | 0.000000      | KENYA          | DXEgz7JHSFW401                           | 24-266-486-1615 | ronic requests sleep slyly at the slyl
       977 | Customer#000000977 | 0.000000      | 0.000000      | BRAZIL         | JcKxPwHPM7akg5IiCs,ZVAfO73KE3            | 12-602-807-5055 | lly against the busily unusual requests! busily even requests haggle blit
       980 | Customer#000000980 | 0.000000      | 0.000000      | ARGENTINA      | UsrigSqZBnmbXhXNR6ibloq60qHBUj42kwX      | 11-572-281-8212 | st have to integrate above the regularly regular accounts. regular, final waters breach blithely 
       985 | Customer#000000985 | 0.000000      | 0.000000      | UNITED KINGDOM | 0uAMe1ICB,wts4STD4eLL                    | 33-408-194-5161 | gular deposits among the thin instructions haggle since the furiously final packages. ideas use. regular i
       986 | Customer#000000986 | 0.000000      | 0.000000      | ARGENTINA      | Cei2QidV0GC3OQWfJTNHLYPd                 | 11-537-225-3800 | cies impress blithely furiously final package
       988 | Customer#000000988 | 0.000000      | 0.000000      | CANADA         | 3BNYKEUyMbzfb40SEr 8OTb                  | 13-862-722-3298 | he courts. carefully silent courts impress. carefully close ideas run slyly pinto beans. even, ironic accounts are a
       998 | Customer#000000998 | 0.000000      | 0.000000      | PERU           | fHRMFCGphazw9KvR1,EmNOUBG                | 27-951-935-6514 | ular courts nag quickly unusual, sly pinto beans. special foxes thrash blithely up the foxes. 
      1000 | Customer#000001000 | 0.000000      | 0.000000      | RUSSIA         | hzM1shTwWlLuk                            | 32-730-275-2976 |  closely against the slyly special deposits. regular, ironic p
      1006 | Customer#000001006 | 0.000000      | 31252.000000  | JAPAN          | Q46palcsa4KwAMhPS                        | 22-364-780-5932 | equests. regular pinto beans sleep furiously express, ironic accounts. special,
      1009 | Customer#000001009 | 0.000000      | 0.000000      | JAPAN          | cWONXs2Vx30bkgYoCkx7LrJH,E               | 22-132-906-1117 | ng to the stealthy, final courts cajole carefully alongside of the gifts? regular ideas above the furiously express 
      1012 | Customer#000001012 | 0.000000      | 0.000000      | EGYPT          | 5Zsp rqM6oCmgqqFe                        | 14-535-551-6255 | s above the carefully express r
      1018 | Customer#000001018 | 0.000000      | 0.000000      | CHINA          | yldxLZOgQwzrXh3t4yktykZZV8v,vK2c6pVr     | 28-450-764-4871 | e quickly around the quick, regular pinto beans. regular, regul
      1019 | Customer#000001019 | 0.000000      | 0.000000      | VIETNAM        | VMFs38VlBt01g30PzPyliiAoGHazC4HG74JJ     | 31-502-683-3413 | quickly special ideas about the courts use of the pending instructions. furiously final accounts c
      1021 | Customer#000001021 | 0.000000      | 0.000000      | FRANCE         | m h2wQbujQnQOrcf109reW0 o                | 16-469-554-5196 | courts could hang quickly express epitaphs. foxes haggle above the carefully unusual requ
      1037 | Customer#000001037 | 0.000000      | 0.000000      | UNITED KINGDOM | dwgDZPKR5ZuU3HO2sDOS7Ym0oeC8c6Xm         | 33-855-960-2989 | lly final pinto beans. pending instructions boost careful
      1052 | Customer#000001052 | 0.000000      | 0.000000      | JORDAN         | OcXtKS,1Hvf2D0 rPvhw4qXViYOudQ3          | 23-496-475-9040 | s accounts haggle against the furiously final asymptotes. ironically regular accounts boost. furiously fina
      1073 | Customer#000001073 | 0.000000      | 0.000000      | IRAN           | KEyFI2gYMZrSVbMMMIf                      | 20-774-197-6595 | fter the blithely regular pinto beans. express asymptotes sleep special pa
      1090 | Customer#000001090 | 0.000000      | 1.000000      | MOROCCO        | P2JDHFVxjU                               | 25-711-934-6343 | ffily even packages wake quickly 
      1093 | Customer#000001093 | 0.000000      | 0.000000      | UNITED STATES  | LO,9qCPIjSXriBqQsAOXLrQKedQ8UO6gb        | 34-931-911-6156 | p furiously carefully bold packages. regular escapades breach. blithely unusual ideas integrate across t
      1094 | Customer#000001094 | 0.000000      | 119779.000000 | BRAZIL         | OFz0eedTmPmXk2 3XM9v9Mcp13NVC0PK         | 12-234-721-9871 | tes serve blithely quickly pending foxes. express, quick accounts
      1097 | Customer#000001097 | 0.000000      | 0.000000      | FRANCE         | a wMc0lQutcHs6cRomoMCGjvM0MwEk4uyrxKI3   | 16-604-758-5574 | p carefully. carefully special excuses haggle carefully about th
      1103 | Customer#000001103 | 0.000000      | 0.000000      | MOZAMBIQUE     | kbYrf d uR                               | 26-307-423-8860 | n accounts cajole across the even pinto beans. quickly express pat
      1105 | Customer#000001105 | 0.000000      | 0.000000      | RUSSIA         | cZhhOUzv6,Vbaa2bFT                       | 32-885-298-6750 | y final packages. furiously ironic packages was. fluffily ironic instructions integrate
      1111 | Customer#000001111 | 0.000000      | 0.000000      | FRANCE         | gavpg6eW5lEML                            | 16-824-312-3537 | s are slyly quiet requests. darin
      1114 | Customer#000001114 | 0.000000      | 7072.000000   | KENYA          | f7 he8eByBFy6z7vcOajC1gaUKqmRN           | 24-630-988-3843 | ularly ironic platelets. pinto beans along the slyly express packages wake unusual packa
      1115 | Customer#000001115 | 0.000000      | 0.000000      | ETHIOPIA       | Elvb2a3FinAzxw                           | 15-356-145-6356 | ending instructions thrash blithel
      1118 | Customer#000001118 | 0.000000      | 0.000000      | IRAQ           | QHg,DNvEVXaYoCdrywazjAJ                  | 21-583-715-8627 | y regular requests above the blithely ironic accounts use slyly bold packages: regular pinto beans eat carefully spe
      1123 | Customer#000001123 | 0.000000      | 0.000000      | MOZAMBIQUE     | pO80QGjK7S0Kmoh46dViD K4OSEVDyiJ53CN     | 26-983-192-5480 | s carefully ironic packages. accounts boost boldly fluffily even gifts. slyly final fo
      1132 | Customer#000001132 | 0.000000      | 0.000000      | RUSSIA         | 6dcMOh60XVGcGYyEP                        | 32-953-419-6880 | ges. final, special requests nag carefully carefully bold deposits. ironic requests boost slyly through th
      1135 | Customer#000001135 | 0.000000      | 0.000000      | IRAQ           | cONv9cxslXOefPzhUQbGnMeRNKL1x,m2zlVOj    | 21-517-852-3282 | regular frays about the bold, regular requests use quickly even pin
      1138 | Customer#000001138 | 0.000000      | 0.000000      | RUSSIA         | 8 9P,dIGWnrrDiVs0S                       | 32-236-817-2959 |  instructions cajole thinly ironic requests. regular packages affix. ironic, final pinto beans ac
      1141 | Customer#000001141 | 0.000000      | 0.000000      | RUSSIA         | A6uzuXpgRPp19ek8K8zd5O                   | 32-330-618-9020 |  accounts. furiously pending deposits cajole. c
      1147 | Customer#000001147 | 0.000000      | 0.000000      | MOROCCO        | AVjlczwVwL CT jO3sgWn                    | 25-754-809-7107 | eposits. quickly express accounts are idly. slyly final platelets wak
      1148 | Customer#000001148 | 0.000000      | 37215.000000  | ROMANIA        | 7PslyqtS1K2Pabjht 4qgaZ1BbSNFfz6QiK4K    | 29-393-445-2761 | c, even deposits. accounts do use. regular accounts haggle blithely special, express courts. blithely
      1154 | Customer#000001154 | 0.000000      | 0.000000      | ROMANIA        | 7RqtNwcSPbaUKaC                          | 29-797-132-6916 | thely. furiously regular accounts above the ironic platelets wake slyly blithely bold pint
      1157 | Customer#000001157 | 0.000000      | 0.000000      | SAUDI ARABIA   | 3rchTZwilGpffMz1MfpnkFfWBtOIdgmvvS1E7sJj | 30-741-794-9826 | equests. deposits cajole quickly slyly spe
      1163 | Customer#000001163 | 0.000000      | 0.000000      | BRAZIL         | 54fBdElRYOjEH8S                          | 12-204-803-1483 | inments. carefully regular instructions haggle carefully slow packages. slyly even packages kindle blithely special
      1165 | Customer#000001165 | 0.000000      | 0.000000      | INDONESIA      | h7KTXGSqsn0                              | 19-766-409-6769 | jole slyly beside the quickly final accounts. silent, even requests are stealthily ironic, re
      1169 | Customer#000001169 | 0.000000      | 43694.000000  | EGYPT          | 04YQNIYyRRFxUnJsTP36da                   | 14-975-169-9356 | into beans doubt about the slyly ironic multipliers. carefully regular requests breach theodolites. special packages
      1174 | Customer#000001174 | 0.000000      | 0.000000      | EGYPT          |  b9zecNS,J97qi7Qk5                       | 14-131-930-7154 |  ironic packages. furiously regular excuses sleep about the fluffily unusual pinto beans? regular foxes kind
      1177 | Customer#000001177 | 0.000000      | 1.000000      | KENYA          | hZPNQ8a9QRM ,SYdTdoW9hw                  | 24-200-701-8606 | ng the quickly bold theodolites cajole carefully around the deposits. furi
      1178 | Customer#000001178 | 0.000000      | 29291.000000  | INDONESIA      | W,03Nl2iWQ94xYyCo3R8CTMNFhu              | 19-717-739-3103 |  even requests cajole furiously after the quickly ironic accounts. even re
      1180 | Customer#000001180 | 0.000000      | 0.000000      | JORDAN         | jI4QtviiCs0,LOgUPH4aONMnoNt              | 23-188-767-6645 | uests poach carefully carefully final deposits: ironic, regular deposits are slyly busy excuses. regular
      1183 | Customer#000001183 | 0.000000      | 0.000000      | ARGENTINA      | qdIqRUfpmvtWo0NGsyi4qyjkwzlImP9,NrSC     | 11-968-244-9275 | arefully regular dependencies. quick
      1195 | Customer#000001195 | 0.000000      | 0.000000      | EGYPT          | 71mmXvaWKf                               | 14-355-801-7486 | l, regular gifts should have to x-ray blithely fluffily ironic
      1198 | Customer#000001198 | 0.000000      | 0.000000      | CHINA          | r0liwpMwaIBQ9 zQjojGylXkJuKUL            | 28-278-515-1034 | intain fluffily ironic instructions. regular requests nag fluffily carefully unu
      1207 | Customer#000001207 | 0.000000      | 0.000000      | CANADA         | tDZe2FlIxGjrf9x,n6N1tu0DbWyUkSSu         | 13-572-474-7362 | uriously by the slyly regular packages. fluffily final deposits across the quickly express epitaphs us
      1213 | Customer#000001213 | 0.000000      | 0.000000      | GERMANY        | 4ATLYSTcqLfgAJLxL7U                      | 17-548-151-7684 | ong the deposits. quickly express deposit
      1216 | Customer#000001216 | 0.000000      | 0.000000      | CANADA         | CSf1BbFhJhucmvftOwYLQACMEqgXj            | 13-673-633-4561 | eposits. slyly ironic dependencies haggle quickly. slyly close orbits above
      1217 | Customer#000001217 | 0.000000      | 0.000000      | JAPAN          | ddk4YC7lmTM,Z3LbX                        | 22-191-580-2887 | ar instructions. furiously pending 
      1220 | Customer#000001220 | 0.000000      | 0.000000      | CHINA          | tbyect2HMX47TzsKy5 ho5                   | 28-379-869-1009 | sual multipliers. furiously unusual theodolites are. 
      1222 | Customer#000001222 | 0.000000      | 0.000000      | IRAQ           | hn6SzlP4Dq8F89iOXH0tjIgsz0uBCiBM         | 21-709-519-4959 | riously special theodolites nag slyly. slyly special ideas sublate quickly across the slyly un
      1229 | Customer#000001229 | 0.000000      | 0.000000      | INDONESIA      | csvrfGKxtX                               | 19-313-452-6076 |  instructions sleep. carefully regular accounts use furiously. ironic, even foxes wake: busily even deposits caj
      1231 | Customer#000001231 | 0.000000      | 0.000000      | INDONESIA      | qJWtxdKmKWcR5XgMDn                       | 19-316-348-3289 | uickly regular foxes are after t
      1238 | Customer#000001238 | 0.000000      | 0.000000      | FRANCE         | HGCJI27,RIIQcS20,DcJbMQuUmN3Vhzdm        | 16-302-171-7578 | ly special requests. unusual, special asymptotes according to the blithely express pinto beans wake en
      1240 | Customer#000001240 | 0.000000      | 0.000000      | EGYPT          | XbvhyAXRkuujtESRmxeD9eQpYSkiCa           | 14-650-555-5310 | ans above the slyly regular ideas cajole furiously across the regular, regular decoys. furiously final asymptotes s
      1244 | Customer#000001244 | 0.000000      | 0.000000      | ETHIOPIA       | I3DrbiKwP3dxs1jF0iDwXh                   | 15-881-433-2257 | old deposits alongside of the packages are 
      1247 | Customer#000001247 | 0.000000      | 0.000000      | ALGERIA        | q5,Og3ezW3jSUtbwK 6qLJPqPwCwdL           | 10-386-173-3167 | s against the quickly unusual ideas are blithely packages. accounts sleep quickly. regular
      1253 | Customer#000001253 | 0.000000      | 0.000000      | ARGENTINA      | 2rEfA2LR6LkUXjoMxIsv58YSHPMjlqr1YXhHSX   | 11-900-587-2067 | efully regular deposits. bravely ironi
      1261 | Customer#000001261 | 0.000000      | 0.000000      | SAUDI ARABIA   | mWs6m9QwmTOZ                             | 30-372-895-4261 | uffily final pinto beans. ironic deposits according to th
      1262 | Customer#000001262 | 0.000000      | 0.000000      | CANADA         | u39WRGDI6AKU                             | 13-444-583-3984 |  final accounts sleep slyly Tiresias. packages are furiously idle platelets. slyly silent requests are acr
      1273 | Customer#000001273 | 0.000000      | 0.000000      | JAPAN          | 6RglRQdIV9mF8Tn6ABFmSQl                  | 22-594-567-9307 | t final packages. furiously unus
      1274 | Customer#000001274 | 0.000000      | 0.000000      | UNITED STATES  | eHJnE7ytBm                               | 34-152-721-6307 | nts are enticingly above the furiously
      1277 | Customer#000001277 | 0.000000      | 0.000000      | KENYA          | 2ETOoQWtvxqp                             | 24-502-746-4128 | oss the packages. packages doze car
      1279 | Customer#000001279 | 0.000000      | 0.000000      | KENYA          | fkrzLacsqCnwUwgjjttKmY                   | 24-742-587-6985 | tes are. ideas above the carefully ironic d
      1280 | Customer#000001280 | 0.000000      | 0.000000      | MOZAMBIQUE     | 3AmBFWaqOYt7F                            | 26-725-573-7255 | eodolites sleep according to the theodolites. slyly pending dolphins among the pending, express platel
      1291 | Customer#000001291 | 0.000000      | 0.000000      | GERMANY        | dg3hkdHiI9zqk7l3242Q28OLLFy,1vZ,         | 17-693-294-2656 | , final requests-- furiously careful ideas wake busily ironic, even a
      1292 | Customer#000001292 | 0.000000      | 1.000000      | VIETNAM        | QVr2XTDOMzWcLKHtNgrLK                    | 31-966-407-1575 | haggle. special foxes sleep blithely
      1294 | Customer#000001294 | 0.000000      | 35005.000000  | UNITED KINGDOM | EZVIKislr4L0PrBP8LShL                    | 33-506-204-7796 | deas boost bravely final ideas. slyly even pearls are furiously 
      1297 | Customer#000001297 | 0.000000      | 0.000000      | VIETNAM        | 4QnYEe0KXOP3yridKldXROs7jQdMu9tE         | 31-579-682-9907 |  pinto beans! furiously regular courts ea
      1303 | Customer#000001303 | 0.000000      | 0.000000      | ETHIOPIA       | MarfB1lCCs2MZ8CWdWqCfb                   | 15-658-234-7985 | express deposits haggle slyly after the carefully unusual packages-- silently si
      1307 | Customer#000001307 | 0.000000      | 0.000000      | CANADA         | L OAVSFQauP87kLdHouM8                    | 13-970-299-8199 | ts. brave, express packages boost. even, pending instructions nag blithely regular theodolite
      1309 | Customer#000001309 | 0.000000      | 0.000000      | IRAN           | xaOhk73bjekYrVc5zZ36c,GuZUxsMHjo7WH9WVe  | 20-821-905-5952 | nusual excuses. ironic deposits are furiously ironic frays. blithely ironic platelets are evenly regular package
      1319 | Customer#000001319 | 0.000000      | 80036.000000  | INDONESIA      | c5M1KcH60UZPYsa                          | 19-573-345-3305 | se across the dependencies. express, 
      1321 | Customer#000001321 | 0.000000      | 0.000000      | IRAN           | dWd3MhPQY3                               | 20-571-787-3958 | express foxes are quickly blithely bold 
      1324 | Customer#000001324 | 0.000000      | 0.000000      | GERMANY        | 6qS1ZDpAYr9aED9Yh ggf8ACJcPi7sp          | 17-415-957-9976 | t the busy courts sleep quietly above the ideas. final accounts after the regular, ironic pl
      1327 | Customer#000001327 | 0.000000      | 0.000000      | JAPAN          | LBVMBxjllZpTQd                           | 22-920-576-6295 |  are furiously according to the multipliers. pinto beans are thinly. special deposits haggle quickly express Ti
      1330 | Customer#000001330 | 0.000000      | 28624.000000  | ARGENTINA      | MGY4P7QIy3                               | 11-353-524-1234 | to beans doze along the furiously final pinto beans. req
      1333 | Customer#000001333 | 0.000000      | 0.000000      | BRAZIL         | o9o6lky2KYgFZ2cSx5lyFQYufM1i1d           | 12-154-975-6824 | beans integrate fluffily. carefully final pinto beans wake furiously even pint
      1345 | Customer#000001345 | 0.000000      | 0.000000      | INDONESIA      | 31zcobEB,6Li4YDZbnNX                     | 19-913-651-7783 | of the express, express packages. final requests detect to the regular accou
      1346 | Customer#000001346 | 0.000000      | 1.000000      | IRAN           | cuwz2Yvj VKYEXjZzfL                      | 20-502-685-6183 | heodolites after the quickly bold deposits wake according to the regular platelets. ca
      1348 | Customer#000001348 | 0.000000      | 0.000000      | UNITED KINGDOM | CgtcDDYMnvsgI1uozRj                      | 33-360-732-3579 | s cajole furiously among the ironic deposits. carefully bold pinto beans wake carefully against the carefully
      1361 | Customer#000001361 | 0.000000      | 0.000000      | JORDAN         | OAHRbO5RS8,yFt16e7glYM4oVEZpf8BefK5DA,7  | 23-104-975-7608 |  need to promise furiously quickly bold packages. finally express pinto beans alongside of the
      1372 | Customer#000001372 | 0.000000      | 0.000000      | UNITED KINGDOM | WiWQk7DyBtI,hfP0CIZ                      | 33-563-510-6488 | l theodolites. regular ideas are around the furiously iron
      1376 | Customer#000001376 | 0.000000      | 59072.000000  | JAPAN          | VushDntQeYmYLT22vW09rlg5j06B             | 22-972-150-2900 | iously unusual ideas. ironic ideas use carefully about the foxes. slyly unusual pinto be
      1394 | Customer#000001394 | 0.000000      | 0.000000      | CANADA         | eE8wv lYYKLXB                            | 13-580-581-6470 | regular accounts cajole never above the even, final instructions. furiously regular foxes wake unusual requests. ca
      1402 | Customer#000001402 | 0.000000      | 0.000000      | FRANCE         | F7 m0JwiCABmbJLPQpCJ2                    | 16-713-144-2780 | g the carefully express dolphins: special, pending packages affix after the packa
      1403 | Customer#000001403 | 0.000000      | 0.000000      | JAPAN          | ,ql804gtMc3uxTfP,lt4yRBWQ                | 22-458-624-2509 | tes are blithely carefully bold pac
      1406 | Customer#000001406 | 0.000000      | 0.000000      | ETHIOPIA       | g1xS4snd0fzl4R,JmPHfEzRD                 | 15-767-155-6419 | uests are furiously carefully express packages. slyly permanen
      1414 | Customer#000001414 | 0.000000      | 0.000000      | SAUDI ARABIA   | 2 HBoqTD0qCyMKtcBPVHbNna                 | 30-323-797-7514 | ackages. blithely unusual accounts a
      1415 | Customer#000001415 | 0.000000      | 0.000000      | VIETNAM        | x,hzUUAZ9w7ndksLyH0,fEpMfU               | 31-295-601-1598 | heodolites. furiously pending requests are above th
      1417 | Customer#000001417 | 0.000000      | 0.000000      | ARGENTINA      | 1BDU8AvljnLmkM                           | 11-242-612-1339 | ag slyly-- furiously final accounts are ironic instruct
      1423 | Customer#000001423 | 0.000000      | 1.000000      | VIETNAM        | 9BcCj8CLsqylKxRj0,lm                     | 31-624-875-9135 | he carefully express courts. regular instructions haggle. special, express accounts believe? packages cajole slyly.
      1424 | Customer#000001424 | 0.000000      | 13863.000000  | RUSSIA         |  3QsPgbVLZ                               | 32-542-134-6212 |  instructions against the furiously express accounts doze fluffily unusual d
      1430 | Customer#000001430 | 0.000000      | 0.000000      | ALGERIA        | mv 9MEDwd8yPeQj7N                        | 10-209-317-6929 | nic deposits. bold, even accounts cajole blithely
      1435 | Customer#000001435 | 0.000000      | 0.000000      | SAUDI ARABIA   | s0fqxkVVqLWR  IaqibwwOf                  | 30-309-437-9265 | usly final orbits are? unusual, ironic accounts are slyly. unusual requests sleep after the ironic,
      1444 | Customer#000001444 | 0.000000      | 0.000000      | GERMANY        | 8WcsyfQU5svH9miWvYbSTH9                  | 17-107-228-8125 | inal platelets. quickly ironic requests do are carefully carefu
      1450 | Customer#000001450 | 0.000000      | 54559.000000  | CANADA         | z7Pl iXBEstivMNf                         | 13-443-688-6724 | ains; daringly dogged deposits across the furiously regular instructions breach furiously foxes. carefully unusual a
      1465 | Customer#000001465 | 0.000000      | 0.000000      | INDIA          | tDRaTC7UgFbBX7VF6cVXYQA0                 | 18-807-487-1074 | s lose blithely ironic, regular packages. regular, final foxes haggle c
      1477 | Customer#000001477 | 0.000000      | 1.000000      | FRANCE         | nUT6kGEr7tmgpJaPgfFtXY                   | 16-407-756-8079 | ites nag blithely alongside of the ironic accounts. accounts use. carefully silent deposits
      1480 | Customer#000001480 | 0.000000      | 0.000000      | GERMANY        | Hzjh65ZXBFSzflrjQgECkrp35gDha,2          | 17-573-775-8796 | uriously pending courts are. deposits serve quickly blithely final excuses. slyly reg
      1483 | Customer#000001483 | 0.000000      | 0.000000      | GERMANY        | ZjY1C b6cOnY3                            | 17-202-113-4814 | nts sleep around the carefully express theodolites. requests nag 
      1495 | Customer#000001495 | 0.000000      | 0.000000      | IRAN           | 78w5H7VJSo0Ps,jqeoCWS4Kay17ygM4RtIH      | 20-416-910-7075 | osely blithe, ironic foxes. regular dependencies use blithely about 
      1498 | Customer#000001498 | 0.000000      | 0.000000      | ROMANIA        | x XToT5oFi7oIsRG2mgIL3ncvYJoWBsufsQ7N,z  | 29-676-227-6356 | ackages are slyly unusual req
         2 | Customer#000000002 | 0.000000      | 0.000000      | JORDAN         | XSTf4,NCwDVaWNe6tEgvwfmRchLXak           | 23-768-687-3665 | l accounts. blithely ironic theodolites integrate boldly: caref
         5 | Customer#000000005 | 0.000000      | 0.000000      | CANADA         | KvpyuHCplrB84WgAiGV6sYpZq7Tj             | 13-750-942-6364 | n accounts will have to unwind. foxes cajole accor
        10 | Customer#000000010 | 0.000000      | 0.000000      | ETHIOPIA       | 6LrEaV6KR6PLVcgl2ArL Q3rqzLzcT1 v2       | 15-741-346-9870 | es regular deposits haggle. fur
        13 | Customer#000000013 | 0.000000      | 0.000000      | CANADA         | nsXQu0oVjD7PM659uC3SRSp                  | 13-761-547-5974 | ounts sleep carefully after the close frays. carefully bold notornis use ironic requests. blithely
        22 | Customer#000000022 | 0.000000      | 0.000000      | CANADA         | QI6p41,FNs5k7RZoCCVPUTkUdYpB             | 13-806-545-9701 | s nod furiously above the furiously ironic ideas. 
        23 | Customer#000000023 | 0.000000      | 0.000000      | CANADA         | OdY W13N7Be3OC5MpgfmcYss0Wn6TKT          | 13-312-472-8245 | deposits. special deposits cajole slyly. fluffily special deposits about the furiously 
        25 | Customer#000000025 | 0.000000      | 55137.000000  | JAPAN          | Hp8GyFQgGHFYSilH5tBfe                    | 22-603-468-3533 | y. accounts sleep ruthlessly according to the regular theodolites. unusual instructions sleep. ironic, final
        28 | Customer#000000028 | 0.000000      | 55137.000000  | INDIA          | iVyg0daQ,Tha8x2WPWA9m2529m               | 18-774-241-1462 |  along the regular deposits. furiously final pac
        40 | Customer#000000040 | 0.000000      | 0.000000      | CANADA         | gOnGWAyhSV1ofv                           | 13-652-915-8939 | rges impress after the slyly ironic courts. foxes are. blithely 
        44 | Customer#000000044 | 0.000000      | 0.000000      | MOZAMBIQUE     | Oi,dOSPwDu4jo4x,,P85E0dmhZGvNtBwi        | 26-190-260-5375 | r requests around the unusual, bold a
        58 | Customer#000000058 | 0.000000      | 0.000000      | JORDAN         | g9ap7Dk1Sv9fcXEWjpMYpBZIRUohi T          | 23-244-493-2508 | ideas. ironic ideas affix furiously express, final instructions. regular excuses use quickly e
        64 | Customer#000000064 | 0.000000      | 0.000000      | CANADA         | MbCeGY20kaKK3oalJD,OT                    | 13-558-731-7204 | structions after the quietly ironic theodolites cajole be
        70 | Customer#000000070 | 0.000000      | 0.000000      | RUSSIA         | mFowIuhnHjp2GjCiYYavkW kUwOjIaTCQ        | 32-828-107-2832 | fter the special asymptotes. ideas after the unusual frets cajole quickly regular pinto be
        73 | Customer#000000073 | 0.000000      | 0.000000      | ALGERIA        | 8IhIxreu4Ug6tt5mog4                      | 10-473-439-3214 | usual, unusual packages sleep busily along the furiou
        86 | Customer#000000086 | 0.000000      | 0.000000      | ALGERIA        | US6EGGHXbTTXPL9SBsxQJsuvy                | 10-677-951-2353 | quests. pending dugouts are carefully aroun
        88 | Customer#000000088 | 0.000000      | 0.000000      | MOZAMBIQUE     | wtkjBN9eyrFuENSMmMFlJ3e7jE5KXcg          | 26-516-273-2566 | s are quickly above the quickly ironic instructions; even requests about the carefully final deposi
       107 | Customer#000000107 | 0.000000      | 0.000000      | MOROCCO        | Zwg64UZ,q7GRqo3zm7P1tZIRshBDz            | 25-336-529-9919 | counts cajole slyly. regular requests wake. furiously regular deposits about the blithely final fo
       109 | Customer#000000109 | 0.000000      | 0.000000      | MOZAMBIQUE     | OOOkYBgCMzgMQXUmkocoLb56rfrdWp2NE2c      | 26-992-422-8153 | es. fluffily final dependencies sleep along the blithely even pinto beans. final deposits haggle furiously furiou
       110 | Customer#000000110 | 0.000000      | 0.000000      | IRAN           | mymPfgphaYXNYtk                          | 20-893-536-2069 | nto beans cajole around the even, final deposits. quickly bold packages according to the furiously regular dept
       124 | Customer#000000124 | 0.000000      | 18440.000000  | CHINA          | aTbyVAW5tCd,v09O                         | 28-183-750-7809 | le fluffily even dependencies. quietly s
       127 | Customer#000000127 | 0.000000      | 0.000000      | VIETNAM        | Xyge4DX2rXKxXyye1Z47LeLVEYMLf4Bfcj       | 31-101-672-2951 | ic, unusual theodolites nod silently after the final, ironic instructions: pending r
       133 | Customer#000000133 | 0.000000      | 0.000000      | PERU           | IMCuXdpIvdkYO92kgDGuyHgojcUs88p          | 27-408-997-8430 | t packages. express pinto beans are blithely along the unusual, even theodolites. silent packages use fu
       136 | Customer#000000136 | 0.000000      | 0.000000      | GERMANY        | QoLsJ0v5C1IQbh,DS1                       | 17-501-210-4726 | ackages sleep ironic, final courts. even requests above the blithely bold requests g
       137 | Customer#000000137 | 0.000000      | 0.000000      | MOZAMBIQUE     | cdW91p92rlAEHgJafqYyxf1Q                 | 26-777-409-5654 | carefully regular theodolites use. silent dolphins cajo
       143 | Customer#000000143 | 0.000000      | 0.000000      | MOZAMBIQUE     | 681r22uL452zqk 8By7I9o9enQfx0            | 26-314-406-7725 | across the blithely unusual requests haggle theodo
       148 | Customer#000000148 | 0.000000      | 0.000000      | IRAQ           | BhSPlEWGvIJyT9swk vCWE                   | 21-562-498-6636 | ing to the carefully ironic requests. carefully regular dependencies about the theodolites wake furious
       149 | Customer#000000149 | 0.000000      | 0.000000      | ROMANIA        | 3byTHCp2mNLPigUrrq                       | 29-797-439-6760 | al instructions haggle against the slyly bold w
       152 | Customer#000000152 | 0.000000      | 0.000000      | INDIA          | PDrllSkScKLh4lr19gmUZnK                  | 18-585-850-3926 | ously ironic accounts. furiously even accounts accord
       154 | Customer#000000154 | 0.000000      | 0.000000      | ROMANIA        | 2LAlU fDHkOqbXjHHDqw1mJQNC               | 29-522-835-6914 | nic packages haggle blithely across the
       155 | Customer#000000155 | 0.000000      | 0.000000      | ALGERIA        | l,sSphiStMgdrxpxi                        | 10-566-282-8705 |  sleep ironic, bold requests. regular packages on the quiet dependencies
       158 | Customer#000000158 | 0.000000      | 0.000000      | IRAN           | 2HaYxi0J1620aoI1CdFyrW,rWOy              | 20-383-680-1329 | ecoys. fluffily quick requests use flu
       163 | Customer#000000163 | 0.000000      | 0.000000      | VIETNAM        | OgrGcOnm4whd0f                           | 31-863-349-4121 |  nag furiously furiously final requests. slyly s
       169 | Customer#000000169 | 0.000000      | 0.000000      | CHINA          | NjhmHa7xrcjE                             | 28-362-499-3728 | fully unusual pinto beans. blithely express asymptotes lose carefully regular instructions? accounts b
       176 | Customer#000000176 | 0.000000      | 0.000000      | JORDAN         | 9hBepY2uz88HlCqToOLgeU770u81FeL          | 23-432-942-8830 | uriously. final requests sleep ironic packages. quickly
       178 | Customer#000000178 | 0.000000      | 0.000000      | VIETNAM        | p HUSDg8Cgan4Fj8Drvcdz4gi4dSqV0a7n 0ag   | 31-436-268-6327 | unts. blithely regular dependencies kindle pending deposits. quietly express deposits wake above the Tiresias-- ex
       181 | Customer#000000181 | 0.000000      | 0.000000      | INDONESIA      | YNviWd WrRkZvSw1OxIewBq                  | 19-653-305-8440 | final requests cajole furiously acro
       188 | Customer#000000188 | 0.000000      | 0.000000      | ETHIOPIA       | 58Srs6gEEoD3ZfwgXDM1OayRiaSY6K9YsveWwV   | 15-613-528-7811 | st slyly special platelets. bold,
       190 | Customer#000000190 | 0.000000      | 0.000000      | IRAQ           | F2X,GhSqLz8k u0gWsirsraFaEDEo6vIGtOTaO1T | 21-730-373-8193 | uickly-- fluffily pending instructions boo
       191 | Customer#000000191 | 0.000000      | 0.000000      | MOZAMBIQUE     | P1eCXsPWkv2y6ENQv                        | 26-811-707-6869 | o beans hinder slyly bold accounts.
       193 | Customer#000000193 | 0.000000      | 0.000000      | UNITED KINGDOM | dUT4dtsPTZ6ZpkWLc,KGJCHY6JDJgPFH4        | 33-182-978-6287 | y even theodolites. final foxes print along the final pinto beans. theodoli
       196 | Customer#000000196 | 0.000000      | 18064.000000  | CHINA          | 68RstNo6a2B                              | 28-135-177-2472 | accounts wake. express instructions according to the s
       214 | Customer#000000214 | 0.000000      | 0.000000      | INDIA          | MpCwhcLrbcIM7AeKS9tRM09by                | 18-180-678-6165 | grow. fluffily regular pinto beans according to the regular accounts affix quickly pe
       229 | Customer#000000229 | 0.000000      | 0.000000      | ARGENTINA      | Sbvjxgmwy4u6Ks1FH7lxo7toMmeU5dG          | 11-243-298-4029 | bold accounts haggle furiously even deposits. regular instruct
       235 | Customer#000000235 | 0.000000      | 0.000000      | CANADA         | bp0rIBMh4fMdQnHBmMnB                     | 13-350-790-6416 | hely ruthless instructions again
       241 | Customer#000000241 | 0.000000      | 0.000000      | INDONESIA      | FBuwHkPR450PvnZnAezcaeMaS,hX3Ifdk        | 19-344-614-2207 |  across the enticingly even requests. blithely iro
       244 | Customer#000000244 | 0.000000      | 0.000000      | MOROCCO        | FBVbCpEVaFaP8KogqQO2VuXeVx               | 25-621-225-8173 | encies. requests nag carefully. regularly final accounts h
       245 | Customer#000000245 | 0.000000      | 0.000000      | JAPAN          | IseFIO7jTGPTzAdZPoO2X4VX48Hy             | 22-952-232-2729 | s. regular foxes against the s
       247 | Customer#000000247 | 0.000000      | 0.000000      | SAUDI ARABIA   | N8q4W4QQG2mHY47Dg6                       | 30-151-905-3513 | es affix furiously regular deposits. blithely ironic asymptotes after the blithely e
       250 | Customer#000000250 | 0.000000      | 0.000000      | MOZAMBIQUE     | 9hif3yif6z8w8pW88F755PU7uz               | 26-464-852-1461 | s. slyly unusual instructions cajole quickly carefully bold dep
       253 | Customer#000000253 | 0.000000      | 0.000000      | MOROCCO        | naGyIRPFPH E                             | 25-461-140-9884 |  regular deposits sleep against the accounts. foxes cajole carefully special 
       254 | Customer#000000254 | 0.000000      | 1.000000      | ARGENTINA      | vQ,pEzMQaFgJzK4TJ2eA                     | 11-451-622-6325 | equests. carefully ironic deposits detect carefully abo
       262 | Customer#000000262 | 0.000000      | 33028.000000  | EGYPT          | DcUOAFBxMu8oGKvIqbDx7xgeZ                | 14-698-169-5201 | ress packages above the ironic accounts are against the ironic pinto beans. carefully final accoun
       265 | Customer#000000265 | 0.000000      | 33028.000000  | PERU           | sthiqpj6CPAKbD7BBSz9ulRuF9d,ebfaiTc      | 27-716-734-2046 | lar, ironic platelets. furiously unu
       272 | Customer#000000272 | 0.000000      | 0.000000      | BRAZIL         |  YDjKpjXEe0A6rDE                         | 12-324-877-9650 | he regular requests. slyly special 
       275 | Customer#000000275 | 0.000000      | 0.000000      | RUSSIA         | M1UCTKrZLOgSyr                           | 32-194-864-6861 | y regular deposits. fluffily ironic packages cajole along the 
       277 | Customer#000000277 | 0.000000      | 0.000000      | UNITED KINGDOM | BWGsQevHk0BfRJV3RRB ElFc                 | 33-696-831-5394 | phins; bold, final accounts print. carefully silent 
       283 | Customer#000000283 | 0.000000      | 0.000000      | GERMANY        | jysHDuTKUKYEjdBhtI LqTttTp 7i2kvx1 O3A   | 17-111-303-1282 | y alongside of the accounts. slyly express dependencies wake quickly above the carefully ironic package
       289 | Customer#000000289 | 0.000000      | 0.000000      | IRAN           | NUilehg0nVOkK3K1SW0,BAHCeST2JqKzuTMoGS   | 20-456-773-7693 | ending foxes across the carefully
       292 | Customer#000000292 | 0.000000      | 0.000000      | IRAQ           | hCXh3vxC4uje9                            | 21-457-910-2923 | usly regular, ironic accounts. blithely regular platelets are carefully. blithely unusual ideas affi
       299 | Customer#000000299 | 0.000000      | 0.000000      | EGYPT          | 3F3Q0fTkjIv1UfJbcN7                      | 14-948-474-7353 | tes sleep fluffily. furiously regular requests boost fluffily evenly even asympt
       302 | Customer#000000302 | 0.000000      | 0.000000      | EGYPT          | cJ3cHoAjAiaxTU2t87EJM                    | 14-152-594-2967 | dolphins haggle fluffily across the final requests. regularly unusual sentiments detect fluffily requests. regular
       304 | Customer#000000304 | 0.000000      | 0.000000      | ALGERIA        | Cilvb3k8ghDX4                            | 10-321-698-7663 | s integrate at the carefully ironic instructions. fin
       313 | Customer#000000313 | 0.000000      | 0.000000      | ALGERIA        | Ay52vCrTXsSmp7TmQ1kujvuItfLGx            | 10-401-786-6040 | g to the even dependencies. accoun
       316 | Customer#000000316 | 0.000000      | 0.000000      | INDIA          | zE dN3aqjaG                              | 18-171-394-5011 | egular ideas cajole around the ironic, pending deposits. furiously pending dolphins serve blithely regular 
       319 | Customer#000000319 | 0.000000      | 0.000000      | FRANCE         |  UQ5mF3sdoZT2                            | 16-734-928-1642 |  packages use slyly always ironic deposits. unusual, even notornis above
       323 | Customer#000000323 | 0.000000      | 0.000000      | CHINA          | ZLnVZ CXRi2,QDrlo                        | 28-347-223-6024 | ely special foxes. express, final excuses across the packages are quickly amon
       325 | Customer#000000325 | 0.000000      | 1.000000      | MOROCCO        | Z I43vl3ta3iYmjXNaSM d6Pe24ibjhdvPSi     | 25-823-702-9630 | nal foxes alongside of the always bold
       340 | Customer#000000340 | 0.000000      | 0.000000      | BRAZIL         | WRnPrKQmAmoMQgHQERoVOhyTklcHMajJlc       | 12-730-681-4571 | es sleep according to the even, unusual Tiresias. carefully bold packages haggle. furiously pending s
       349 | Customer#000000349 | 0.000000      | 0.000000      | UNITED KINGDOM | vjJBjxjW9uoRZP02nS p6XY5wU6Ic,6xHpxUKA   | 33-818-229-3473 | y. bold, ironic instructions after the theodolites sleep blithely ironic packages. ideas c
       352 | Customer#000000352 | 0.000000      | 0.000000      | INDONESIA      | HqhIE5GRTK0dFtWpJUQENU4aa1bwdsUBEWtzUw   | 19-906-158-8420 | ts are. blithely special requests wake. furiously bold packages among the blithely eve
       364 | Customer#000000364 | 0.000000      | 0.000000      | UNITED KINGDOM | SQ3b5Q5OtrmmZjJ87tq,o1TiXKVJQ0M7ZOuud    | 33-492-647-4972 |  dependencies? pending requests use carefull
       374 | Customer#000000374 | 0.000000      | 0.000000      | RUSSIA         | fg4eklU1,UaFOan                          | 32-282-723-3627 | ges are carefully. slyly ironic deposits about the fin
       386 | Customer#000000386 | 0.000000      | 0.000000      | UNITED STATES  | DeQxsCxixT8RQ7JV6mddRYGDGQ2WM94          | 34-193-143-1425 | counts. blithely permanent deposits wake slyly! unusual, even theodolites u
       388 | Customer#000000388 | 0.000000      | 0.000000      | GERMANY        | dV4lqEufXkF8R                            | 17-856-814-6352 |  carefully bold deposits: final pinto beans sleep slyly idl
       389 | Customer#000000389 | 0.000000      | 0.000000      | INDONESIA      | ij8KNM0,HRvIvnvY w8jQK4zvr1EOO9YM        | 19-264-943-1253 | o beans affix fluffily. slyly ironic notornis wake 
       394 | Customer#000000394 | 0.000000      | 0.000000      | UNITED KINGDOM | nxW1jt,MQvImdr z72gAt1bslnfEipCh,bKZN    | 33-422-600-6936 |  instructions. carefully special ideas after the fluffily unusual r
       398 | Customer#000000398 | 0.000000      | 0.000000      | MOROCCO        | cq9NmtIT4b6JB8L79iLzljlHs4 3             | 25-110-215-3747 | l deposits breach slyly ironic asymptotes. carefully pend
       401 | Customer#000000401 | 0.000000      | 0.000000      | ROMANIA        | aKALIG526OK4veQfUh2KmKcE,oRyg            | 29-667-766-5291 | l instructions wake. slyly express deposits us
       403 | Customer#000000403 | 0.000000      | 0.000000      | KENYA          | 9,BVYegfkFLsEMDkeVW                      | 24-753-433-1769 | al hockey players; ironic dependencies after t
       404 | Customer#000000404 | 0.000000      | 0.000000      | RUSSIA         | 2orgvLJ05jOvM292mhkS7iJmHG0jk            | 32-840-785-1776 | uickly brave requests haggle furiously carefully special idea
       406 | Customer#000000406 | 0.000000      | 0.000000      | INDONESIA      | j1fOG9WsIr2JI6Yi9jgJ M                   | 19-426-693-4043 | nal foxes. unusual pinto beans wake. special excuses cajole ironic 
       407 | Customer#000000407 | 0.000000      | 0.000000      | ARGENTINA      | cfCP9bE3HnI                              | 11-975-454-8499 | ect among the carefully regular theodolites. regular dep
       415 | Customer#000000415 | 0.000000      | 0.000000      | UNITED KINGDOM | 334jCRiUb,gx3                            | 33-346-876-2972 | egular deposits. blithely ironic inst
       422 | Customer#000000422 | 0.000000      | 0.000000      | INDONESIA      | AyNzZBvmIDo42JtjP9xzaK3pnvkh Qc0o08ssnvq | 19-299-247-2444 | eposits; furiously ironic packages accordi
       424 | Customer#000000424 | 0.000000      | 1.000000      | ROMANIA        | i4cf3kmRE9IJr,cu,1                       | 29-891-311-6778 | bove the express, final deposits wake furiously furiou
       425 | Customer#000000425 | 0.000000      | 55019.000000  | MOZAMBIQUE     | lp3aCRBK11qFY                            | 26-756-407-4828 | ajole even, pending accounts. carefully brave accounts
       431 | Customer#000000431 | 0.000000      | 0.000000      | FRANCE         | RNfSXbUJkgUlBBPn                         | 16-326-904-6643 | e quickly. final, even excuses against the even accounts sleep agai
       436 | Customer#000000436 | 0.000000      | 0.000000      | ROMANIA        | 4DCNzAT842cVYTcaUS94kR0QXHSRM5oco0D6Z    | 29-927-687-6390 | olites engage carefully. slyly ironic asymptotes about the ironi
       451 | Customer#000000451 | 0.000000      | 0.000000      | SAUDI ARABIA   | ZJKTC1Ck,B01fYZ xdN2                     | 30-939-275-3248 | quests grow furiously final deposits. ironic, even pi
       455 | Customer#000000455 | 0.000000      | 0.000000      | FRANCE         | sssuscPJ,ZYQ8viO                         | 16-863-225-9454 | l wake. blithely final instructions integrate furiously above the final, regular req
       466 | Customer#000000466 | 0.000000      | 0.000000      | JAPAN          | ZI1c8,ZanegEu5CEQxNf5,bkuYPwn7H7JIK7     | 22-280-738-3240 | foxes. express, ironic accounts boost? carefully silent deposits engage. accou
       476 | Customer#000000476 | 0.000000      | 0.000000      | BRAZIL         | 68r87HCBbQkVYaVfes8mgKs                  | 12-996-628-9902 | sly. carefully quick instructions sleep carefully deposits. final, pending pinto beans use closely fluffily final in
       479 | Customer#000000479 | 0.000000      | 0.000000      | CHINA          | RdIiG8NbwYtamReRwhR                      | 28-336-406-1631 | ages. bravely even foxes detect careful
       488 | Customer#000000488 | 0.000000      | 0.000000      | CANADA         | bBcMjFPTysSTaTdHcoO                      | 13-513-778-1881 | thely above the carefully ironic accounts. excuse
       493 | Customer#000000493 | 0.000000      | 0.000000      | MOZAMBIQUE     | G dRBjxmBBug1 xRSa6VwRchFDtU5b           | 26-514-558-7246 | er the furiously express excuses use above the regular accounts. regular instructions after the 
       508 | Customer#000000508 | 0.000000      | 0.000000      | CHINA          | q9Vq9 nTrUvx                             | 28-344-250-3166 | uses dazzle since the carefully regular accounts. patterns around the furiously even accounts wake blithely abov
       512 | Customer#000000512 | 0.000000      | 0.000000      | BRAZIL         | e5 kymvjf6Vja7tNsL 3dfiK                 | 12-144-416-6035 | packages are slyly after the slyly express packages. bold d
       514 | Customer#000000514 | 0.000000      | 0.000000      | UNITED KINGDOM | 0qD6Nwp3tG3QqCq9qvRAzT6N8L               | 33-194-775-6756 | carefully final ideas. quickly final packages are. requests haggle slyly. blithely pending sauternes lose bl
       538 | Customer#000000538 | 0.000000      | 0.000000      | ROMANIA        | u9jYEMPoKwrH5wXivkSebbxAx1PU             | 29-632-471-2852 | uffily special requests nag around the quickly stealthy
       541 | Customer#000000541 | 0.000000      | 0.000000      | ALGERIA        | ,Cris88wkHw4Q0XlCLLYVOAJfkxw             | 10-362-308-9442 | according to the final platelets. final, busy requests wake blithely across th
       547 | Customer#000000547 | 0.000000      | 0.000000      | RUSSIA         | 4h SK3dVkE1tQ0NCh                        | 32-696-724-2981 | y express deposits. slyly ironic deposits nod slyly slyly ironic instructions. carefully quick idea
(385 rows)

Time: 20.475 ms
